<?xml version="1.0" encoding="UTF-8"?>
<testsuites name="TS-1" time="83.574" tests="3" failures="0" errors="0">
   <testsuite name="TS-1" tests="3" failures="0" errors="0" time="83.574" skipped="0" timestamp="01-08-2024T17:48:10" hostname="10685520 - 7Z54S93" id="Test Suites/TS-1">
      <properties>
         <property name="deviceName" value=""/>
         <property name="devicePlatform"/>
         <property name="logFolder" value="C:\\Users\\10685520\\OneDrive - LTIMindtree\\KT\\Katalon Studio\\SampleWebTest1\\Reports\\20240801_174759\\TS-1\\20240801_174800"/>
         <property name="logFiles" value="C:\\Users\\10685520\\OneDrive - LTIMindtree\\KT\\Katalon Studio\\SampleWebTest1\\Reports\\20240801_174759\\TS-1\\20240801_174800\\execution0.log"/>
         <property name="attachments" value="C:\\Users\\10685520\\OneDrive - LTIMindtree\\KT\\Katalon Studio\\SampleWebTest1\\Reports\\20240801_174759\\TS-1\\20240801_174800\\1722514765269.png"/>
         <property name="hostName" value="10685520 - 7Z54S93"/>
         <property name="os" value="Windows 11 64bit"/>
         <property name="katalonVersion" value="9.6.0.217"/>
         <property name="browser" value="Chrome 127.0.0.0"/>
         <property name="hostAddress" value="192.168.1.9"/>
         <property name="sessionId" value="4e78323185d132c21146d1b4bc478c60"/>
         <property name="seleniumVersion" value="3.141.59"/>
         <property name="proxyInformation" value="ProxyInformation { proxyOption=NO_PROXY, proxyServerType=HTTP, username=, password=********, proxyServerAddress=, proxyServerPort=0, executionList=&quot;&quot;, isApplyToDesiredCapabilities=true }"/>
         <property name="platform" value="Windows 11"/>
      </properties>
      <testcase name="Test Cases/TC-11-expandTesting-login" time="21.893" classname="Test Cases/TC-11-expandTesting-login" status="PASSED">
         <system-out><![CDATA[01-08-2024T17:48:10 - [TEST_CASE][PASSED] - Test Cases/TC-11-expandTesting-login: Test Cases/TC-11-expandTesting-login

01-08-2024T17:48:11 - [TEST_STEP][PASSED] - openBrowser(""): Browser is opened with url: ''

01-08-2024T17:48:11 - [MESSAGE][INFO] - Starting 'Chrome' driver

01-08-2024T17:48:11 - [MESSAGE][INFO] - Action delay is set to 0 milliseconds

01-08-2024T17:48:13 - [MESSAGE][PASSED] - Browser is opened with url: ''

01-08-2024T17:48:13 - [TEST_STEP][PASSED] - navigateToUrl("https://practice.expandtesting.com/login"): Navigate to 'https://practice.expandtesting.com/login' successfully

01-08-2024T17:48:15 - [MESSAGE][PASSED] - Navigate to 'https://practice.expandtesting.com/login' successfully

01-08-2024T17:48:15 - [TEST_STEP][PASSED] - setText(findTestObject("Object Repository/TC-11/Page_Login form page for Automation Testing_eea870/input_Username_username"), username): Text 'practice' is set on object 'Object Repository/TC-11/Page_Login form page for Automation Testing_eea870/input_Username_username'

01-08-2024T17:48:17 - [MESSAGE][PASSED] - Text 'practice' is set on object 'Object Repository/TC-11/Page_Login form page for Automation Testing_eea870/input_Username_username'

01-08-2024T17:48:17 - [TEST_STEP][PASSED] - setText(findTestObject("Object Repository/TC-11/Page_Login form page for Automation Testing_eea870/input_Password_password"), password): Text 'SuperSecretPassword!' is set on object 'Object Repository/TC-11/Page_Login form page for Automation Testing_eea870/input_Password_password'

01-08-2024T17:48:18 - [MESSAGE][PASSED] - Text 'SuperSecretPassword!' is set on object 'Object Repository/TC-11/Page_Login form page for Automation Testing_eea870/input_Password_password'

01-08-2024T17:48:18 - [TEST_STEP][PASSED] - click(findTestObject("Object Repository/TC-11/Page_Login form page for Automation Testing_eea870/button_Login")): Object: 'Object Repository/TC-11/Page_Login form page for Automation Testing_eea870/button_Login' is clicked on

01-08-2024T17:48:31 - [MESSAGE][PASSED] - Object: 'Object Repository/TC-11/Page_Login form page for Automation Testing_eea870/button_Login' is clicked on

01-08-2024T17:48:31 - [TEST_STEP][PASSED] - verifyElementVisible(findTestObject("TC-11/Page_Login form page for Automation Testing Practice/b_Your username is invalid")): Object 'Object Repository/TC-11/Page_Login form page for Automation Testing Practice/b_Your username is invalid' is visible

01-08-2024T17:48:32 - [MESSAGE][PASSED] - Object 'Object Repository/TC-11/Page_Login form page for Automation Testing Practice/b_Your username is invalid' is visible

01-08-2024T17:48:32 - [TEST_STEP][PASSED] - closeBrowser(): Browser is closed

01-08-2024T17:48:32 - [MESSAGE][PASSED] - Browser is closed]]></system-out>
         <system-err><![CDATA[]]></system-err>
      </testcase>
      <testcase name="Test Cases/TC-14-expandTesting-pass" time="12.906" classname="Test Cases/TC-14-expandTesting-pass" status="PASSED">
         <system-out><![CDATA[01-08-2024T17:48:32 - [TEST_CASE][PASSED] - Test Cases/TC-14-expandTesting-pass: Test Cases/TC-14-expandTesting-pass

01-08-2024T17:48:32 - [TEST_STEP][PASSED] - openBrowser(""): Browser is opened with url: ''

01-08-2024T17:48:32 - [MESSAGE][INFO] - Starting 'Chrome' driver

01-08-2024T17:48:32 - [MESSAGE][INFO] - Action delay is set to 0 milliseconds

01-08-2024T17:48:33 - [MESSAGE][PASSED] - Browser is opened with url: ''

01-08-2024T17:48:33 - [TEST_STEP][PASSED] - navigateToUrl("https://practice.expandtesting.com/secure-password-checker"): Navigate to 'https://practice.expandtesting.com/secure-password-checker' successfully

01-08-2024T17:48:42 - [MESSAGE][PASSED] - Navigate to 'https://practice.expandtesting.com/secure-password-checker' successfully

01-08-2024T17:48:42 - [TEST_STEP][PASSED] - setText(findTestObject("TC-14/Page_Secure Password Checker page for Automation Testing Practice/input_Password_password"), "Dsil12Dsil"): Text 'Dsil12Dsil' is set on object 'Object Repository/TC-14/Page_Secure Password Checker page for Automation Testing Practice/input_Password_password'

01-08-2024T17:48:44 - [MESSAGE][PASSED] - Text 'Dsil12Dsil' is set on object 'Object Repository/TC-14/Page_Secure Password Checker page for Automation Testing Practice/input_Password_password'

01-08-2024T17:48:44 - [TEST_STEP][PASSED] - verifyElementNotVisible(findTestObject("TC-14/Page_Secure Password Checker page for Automation Testing Practice/li_Must be at least 8 characters long")): Object 'Object Repository/TC-14/Page_Secure Password Checker page for Automation Testing Practice/li_Must be at least 8 characters long' is NOT visible

01-08-2024T17:48:44 - [MESSAGE][PASSED] - Object 'Object Repository/TC-14/Page_Secure Password Checker page for Automation Testing Practice/li_Must be at least 8 characters long' is NOT visible

01-08-2024T17:48:44 - [TEST_STEP][PASSED] - verifyElementNotVisible(findTestObject("TC-14/Page_Secure Password Checker page for Automation Testing Practice/li_Must contain a lowercase letter")): Object 'Object Repository/TC-14/Page_Secure Password Checker page for Automation Testing Practice/li_Must contain a lowercase letter' is NOT visible

01-08-2024T17:48:44 - [MESSAGE][PASSED] - Object 'Object Repository/TC-14/Page_Secure Password Checker page for Automation Testing Practice/li_Must contain a lowercase letter' is NOT visible

01-08-2024T17:48:44 - [TEST_STEP][PASSED] - verifyElementNotVisible(findTestObject("TC-14/Page_Secure Password Checker page for Automation Testing Practice/li_Must contain a number or special character")): Object 'Object Repository/TC-14/Page_Secure Password Checker page for Automation Testing Practice/li_Must contain a number or special character' is NOT visible

01-08-2024T17:48:45 - [MESSAGE][PASSED] - Object 'Object Repository/TC-14/Page_Secure Password Checker page for Automation Testing Practice/li_Must contain a number or special character' is NOT visible

01-08-2024T17:48:45 - [TEST_STEP][PASSED] - verifyElementNotVisible(findTestObject("TC-14/Page_Secure Password Checker page for Automation Testing Practice/li_Must contain an uppercase letter")): Object 'Object Repository/TC-14/Page_Secure Password Checker page for Automation Testing Practice/li_Must contain an uppercase letter' is NOT visible

01-08-2024T17:48:45 - [MESSAGE][PASSED] - Object 'Object Repository/TC-14/Page_Secure Password Checker page for Automation Testing Practice/li_Must contain an uppercase letter' is NOT visible

01-08-2024T17:48:45 - [TEST_STEP][PASSED] - closeBrowser(): Browser is closed

01-08-2024T17:48:45 - [MESSAGE][PASSED] - Browser is closed]]></system-out>
         <system-err><![CDATA[]]></system-err>
      </testcase>
      <testcase name="Test Cases/TC-12-expandTesting-contact" time="8.908" classname="Test Cases/TC-12-expandTesting-contact" status="PASSED">
         <system-out><![CDATA[01-08-2024T17:49:25 - [TEST_CASE][PASSED] - Test Cases/TC-12-expandTesting-contact: Test Cases/TC-12-expandTesting-contact

01-08-2024T17:49:25 - [TEST_STEP][PASSED] - openBrowser(""): Browser is opened with url: ''

01-08-2024T17:49:25 - [MESSAGE][WARNING] - A browser is already opened. Closing browser and opening a new one

01-08-2024T17:49:25 - [MESSAGE][INFO] - Starting 'Chrome' driver

01-08-2024T17:49:25 - [MESSAGE][INFO] - Action delay is set to 0 milliseconds

01-08-2024T17:49:26 - [MESSAGE][PASSED] - Browser is opened with url: ''

01-08-2024T17:49:26 - [TEST_STEP][PASSED] - navigateToUrl("https://practice.expandtesting.com/contact"): Navigate to 'https://practice.expandtesting.com/contact' successfully

01-08-2024T17:49:29 - [MESSAGE][PASSED] - Navigate to 'https://practice.expandtesting.com/contact' successfully

01-08-2024T17:49:29 - [TEST_STEP][PASSED] - setText(findTestObject("Object Repository/TC-12/Page_Contact form page for Automation Testi_fb6edd/input_Name_form-control"), "dom@gmail.com"): Text 'dom@gmail.com' is set on object 'Object Repository/TC-12/Page_Contact form page for Automation Testi_fb6edd/input_Name_form-control'

01-08-2024T17:49:31 - [MESSAGE][PASSED] - Text 'dom@gmail.com' is set on object 'Object Repository/TC-12/Page_Contact form page for Automation Testi_fb6edd/input_Name_form-control'

01-08-2024T17:49:31 - [TEST_STEP][PASSED] - setText(findTestObject("Object Repository/TC-12/Page_Contact form page for Automation Testi_fb6edd/textarea_You message_address"), "dom sil"): Text 'dom sil' is set on object 'Object Repository/TC-12/Page_Contact form page for Automation Testi_fb6edd/textarea_You message_address'

01-08-2024T17:49:31 - [MESSAGE][PASSED] - Text 'dom sil' is set on object 'Object Repository/TC-12/Page_Contact form page for Automation Testi_fb6edd/textarea_You message_address'

01-08-2024T17:49:31 - [TEST_STEP][PASSED] - click(findTestObject("Object Repository/TC-12/Page_Contact form page for Automation Testi_fb6edd/a_Send")): Object: 'Object Repository/TC-12/Page_Contact form page for Automation Testi_fb6edd/a_Send' is clicked on

01-08-2024T17:49:34 - [MESSAGE][PASSED] - Object: 'Object Repository/TC-12/Page_Contact form page for Automation Testi_fb6edd/a_Send' is clicked on

01-08-2024T17:49:34 - [TEST_STEP][PASSED] - closeBrowser(): Browser is closed

01-08-2024T17:49:34 - [MESSAGE][PASSED] - Browser is closed]]></system-out>
         <system-err><![CDATA[]]></system-err>
      </testcase>
      <system-out><![CDATA[01-08-2024T17:48:10 - [TEST_SUITE][FAILED] - TS-1: Test Cases/TC-12-expandTesting-contact FAILED.
Reason:
com.kms.katalon.core.exception.StepFailedException: Unable to click on object 'Object Repository/TC-12/Page_Contact form page for Automation Testi_fb6edd/a_Send'
	at com.kms.katalon.core.webui.keyword.internal.WebUIKeywordMain.stepFailed(WebUIKeywordMain.groovy:64)
	at com.kms.katalon.core.webui.keyword.internal.WebUIKeywordMain.runKeyword(WebUIKeywordMain.groovy:26)
	at com.kms.katalon.core.webui.keyword.builtin.ClickKeyword.click(ClickKeyword.groovy:74)
	at com.kms.katalon.core.webui.keyword.builtin.ClickKeyword.execute(ClickKeyword.groovy:40)
	at com.kms.katalon.core.keyword.internal.KeywordExecutor.executeKeywordForPlatform(KeywordExecutor.groovy:74)
	at com.kms.katalon.core.webui.keyword.WebUiBuiltInKeywords.click(WebUiBuiltInKeywords.groovy:659)
	at TC-12-expandTesting-contact.run(TC-12-expandTesting-contact:30)
	at com.kms.katalon.core.main.ScriptEngine.run(ScriptEngine.java:194)
	at com.kms.katalon.core.main.ScriptEngine.runScriptAsRawText(ScriptEngine.java:119)
	at com.kms.katalon.core.main.TestCaseExecutor.runScript(TestCaseExecutor.java:448)
	at com.kms.katalon.core.main.TestCaseExecutor.doExecute(TestCaseExecutor.java:439)
	at com.kms.katalon.core.main.TestCaseExecutor.processExecutionPhase(TestCaseExecutor.java:418)
	at com.kms.katalon.core.main.TestCaseExecutor.accessMainPhase(TestCaseExecutor.java:410)
	at com.kms.katalon.core.main.TestCaseExecutor.execute(TestCaseExecutor.java:285)
	at com.kms.katalon.core.common.CommonExecutor.accessTestCaseMainPhase(CommonExecutor.java:65)
	at com.kms.katalon.core.main.TestSuiteExecutor.accessTestSuiteMainPhase(TestSuiteExecutor.java:150)
	at com.kms.katalon.core.main.TestSuiteExecutor.execute(TestSuiteExecutor.java:106)
	at com.kms.katalon.core.main.TestCaseMain.startTestSuite(TestCaseMain.java:180)
	at TempTestSuite1722514680604.run(TempTestSuite1722514680604.groovy:35)
	at java.base/jdk.internal.reflect.NativeMethodAccessorImpl.invoke0(Native Method)
	at java.base/jdk.internal.reflect.NativeMethodAccessorImpl.invoke(NativeMethodAccessorImpl.java:77)
	at java.base/jdk.internal.reflect.DelegatingMethodAccessorImpl.invoke(DelegatingMethodAccessorImpl.java:43)
Caused by: org.openqa.selenium.ElementClickInterceptedException: element click intercepted: Element is not clickable at point (86, 594)
  (Session info: chrome=127.0.6533.73)
Build info: version: '3.141.59', revision: 'unknown', time: 'unknown'
System info: host: '7Z54S93', ip: '192.168.1.9', os.name: 'Windows 11', os.arch: 'amd64', os.version: '10.0', java.version: '17.0.7'
Driver info: com.kms.katalon.selenium.driver.CChromeDriver
Capabilities {acceptInsecureCerts: false, browserName: chrome, browserVersion: 127.0.6533.73, chrome: {chromedriverVersion: 126.0.6478.55 (7616ff175414..., userDataDir: C:\Users\10685520\AppData\L...}, fedcm:accounts: true, goog:chromeOptions: {debuggerAddress: localhost:60787}, javascriptEnabled: true, networkConnectionEnabled: false, pageLoadStrategy: normal, platform: WINDOWS, platformName: WINDOWS, proxy: Proxy(), setWindowRect: true, strictFileInteractability: false, timeouts: {implicit: 0, pageLoad: 300000, script: 30000}, unhandledPromptBehavior: dismiss and notify, webauthn:extension:credBlob: true, webauthn:extension:largeBlob: true, webauthn:extension:minPinLength: true, webauthn:extension:prf: true, webauthn:virtualAuthenticators: true}
Session ID: 4a24268c12e19011662cb79dcbc3bacf
	at jdk.internal.reflect.GeneratedConstructorAccessor20.newInstance(Unknown Source)
	at java.base/jdk.internal.reflect.DelegatingConstructorAccessorImpl.newInstance(DelegatingConstructorAccessorImpl.java:45)
	at org.openqa.selenium.remote.http.W3CHttpResponseCodec.createException(W3CHttpResponseCodec.java:187)
	at org.openqa.selenium.remote.http.W3CHttpResponseCodec.decode(W3CHttpResponseCodec.java:122)
	at org.openqa.selenium.remote.http.W3CHttpResponseCodec.decode(W3CHttpResponseCodec.java:49)
	at org.openqa.selenium.remote.HttpCommandExecutor.execute(HttpCommandExecutor.java:158)
	at org.openqa.selenium.remote.service.DriverCommandExecutor.execute(DriverCommandExecutor.java:83)
	at org.openqa.selenium.remote.RemoteWebDriver.execute(RemoteWebDriver.java:552)
	at com.kms.katalon.selenium.driver.CChromeDriver.execute(CChromeDriver.java:19)
	at org.openqa.selenium.remote.RemoteWebElement.execute(RemoteWebElement.java:285)
	at org.openqa.selenium.remote.RemoteWebElement.click(RemoteWebElement.java:84)
	at jdk.internal.reflect.GeneratedMethodAccessor12.invoke(Unknown Source)
	at java.base/jdk.internal.reflect.DelegatingMethodAccessorImpl.invoke(DelegatingMethodAccessorImpl.java:43)
	at org.openqa.selenium.support.events.EventFiringWebDriver$EventFiringWebElement.lambda$new$0(EventFiringWebDriver.java:404)
	at jdk.proxy2/jdk.proxy2.$Proxy24.click(Unknown Source)
	at org.openqa.selenium.support.events.EventFiringWebDriver$EventFiringWebElement.click(EventFiringWebDriver.java:417)
	at org.openqa.selenium.WebElement$click.call(Unknown Source)
	at com.kms.katalon.core.webui.keyword.builtin.ClickKeyword.clickUntilSuccessWithTimeout(ClickKeyword.groovy:81)
	at com.kms.katalon.core.webui.keyword.builtin.ClickKeyword.clickUntilSuccessWithTimeout(ClickKeyword.groovy)
	at java.base/jdk.internal.reflect.NativeMethodAccessorImpl.invoke0(Native Method)
	at java.base/jdk.internal.reflect.NativeMethodAccessorImpl.invoke(NativeMethodAccessorImpl.java:77)
	at java.base/jdk.internal.reflect.DelegatingMethodAccessorImpl.invoke(DelegatingMethodAccessorImpl.java:43)
	at com.kms.katalon.core.webui.keyword.builtin.ClickKeyword$_click_closure1.doCall(ClickKeyword.groovy:67)
	at com.kms.katalon.core.webui.keyword.builtin.ClickKeyword$_click_closure1.call(ClickKeyword.groovy)
	at com.kms.katalon.core.webui.keyword.internal.WebUIKeywordMain.runKeyword(WebUIKeywordMain.groovy:20)
	... 20 more]]></system-out>
      <system-err><![CDATA[01-08-2024T17:48:10 - [TEST_SUITE][FAILED] - TS-1: Test Cases/TC-12-expandTesting-contact FAILED.
Reason:
com.kms.katalon.core.exception.StepFailedException: Unable to click on object 'Object Repository/TC-12/Page_Contact form page for Automation Testi_fb6edd/a_Send'
	at com.kms.katalon.core.webui.keyword.internal.WebUIKeywordMain.stepFailed(WebUIKeywordMain.groovy:64)
	at com.kms.katalon.core.webui.keyword.internal.WebUIKeywordMain.runKeyword(WebUIKeywordMain.groovy:26)
	at com.kms.katalon.core.webui.keyword.builtin.ClickKeyword.click(ClickKeyword.groovy:74)
	at com.kms.katalon.core.webui.keyword.builtin.ClickKeyword.execute(ClickKeyword.groovy:40)
	at com.kms.katalon.core.keyword.internal.KeywordExecutor.executeKeywordForPlatform(KeywordExecutor.groovy:74)
	at com.kms.katalon.core.webui.keyword.WebUiBuiltInKeywords.click(WebUiBuiltInKeywords.groovy:659)
	at TC-12-expandTesting-contact.run(TC-12-expandTesting-contact:30)
	at com.kms.katalon.core.main.ScriptEngine.run(ScriptEngine.java:194)
	at com.kms.katalon.core.main.ScriptEngine.runScriptAsRawText(ScriptEngine.java:119)
	at com.kms.katalon.core.main.TestCaseExecutor.runScript(TestCaseExecutor.java:448)
	at com.kms.katalon.core.main.TestCaseExecutor.doExecute(TestCaseExecutor.java:439)
	at com.kms.katalon.core.main.TestCaseExecutor.processExecutionPhase(TestCaseExecutor.java:418)
	at com.kms.katalon.core.main.TestCaseExecutor.accessMainPhase(TestCaseExecutor.java:410)
	at com.kms.katalon.core.main.TestCaseExecutor.execute(TestCaseExecutor.java:285)
	at com.kms.katalon.core.common.CommonExecutor.accessTestCaseMainPhase(CommonExecutor.java:65)
	at com.kms.katalon.core.main.TestSuiteExecutor.accessTestSuiteMainPhase(TestSuiteExecutor.java:150)
	at com.kms.katalon.core.main.TestSuiteExecutor.execute(TestSuiteExecutor.java:106)
	at com.kms.katalon.core.main.TestCaseMain.startTestSuite(TestCaseMain.java:180)
	at TempTestSuite1722514680604.run(TempTestSuite1722514680604.groovy:35)
	at java.base/jdk.internal.reflect.NativeMethodAccessorImpl.invoke0(Native Method)
	at java.base/jdk.internal.reflect.NativeMethodAccessorImpl.invoke(NativeMethodAccessorImpl.java:77)
	at java.base/jdk.internal.reflect.DelegatingMethodAccessorImpl.invoke(DelegatingMethodAccessorImpl.java:43)
Caused by: org.openqa.selenium.ElementClickInterceptedException: element click intercepted: Element is not clickable at point (86, 594)
  (Session info: chrome=127.0.6533.73)
Build info: version: '3.141.59', revision: 'unknown', time: 'unknown'
System info: host: '7Z54S93', ip: '192.168.1.9', os.name: 'Windows 11', os.arch: 'amd64', os.version: '10.0', java.version: '17.0.7'
Driver info: com.kms.katalon.selenium.driver.CChromeDriver
Capabilities {acceptInsecureCerts: false, browserName: chrome, browserVersion: 127.0.6533.73, chrome: {chromedriverVersion: 126.0.6478.55 (7616ff175414..., userDataDir: C:\Users\10685520\AppData\L...}, fedcm:accounts: true, goog:chromeOptions: {debuggerAddress: localhost:60787}, javascriptEnabled: true, networkConnectionEnabled: false, pageLoadStrategy: normal, platform: WINDOWS, platformName: WINDOWS, proxy: Proxy(), setWindowRect: true, strictFileInteractability: false, timeouts: {implicit: 0, pageLoad: 300000, script: 30000}, unhandledPromptBehavior: dismiss and notify, webauthn:extension:credBlob: true, webauthn:extension:largeBlob: true, webauthn:extension:minPinLength: true, webauthn:extension:prf: true, webauthn:virtualAuthenticators: true}
Session ID: 4a24268c12e19011662cb79dcbc3bacf
	at jdk.internal.reflect.GeneratedConstructorAccessor20.newInstance(Unknown Source)
	at java.base/jdk.internal.reflect.DelegatingConstructorAccessorImpl.newInstance(DelegatingConstructorAccessorImpl.java:45)
	at org.openqa.selenium.remote.http.W3CHttpResponseCodec.createException(W3CHttpResponseCodec.java:187)
	at org.openqa.selenium.remote.http.W3CHttpResponseCodec.decode(W3CHttpResponseCodec.java:122)
	at org.openqa.selenium.remote.http.W3CHttpResponseCodec.decode(W3CHttpResponseCodec.java:49)
	at org.openqa.selenium.remote.HttpCommandExecutor.execute(HttpCommandExecutor.java:158)
	at org.openqa.selenium.remote.service.DriverCommandExecutor.execute(DriverCommandExecutor.java:83)
	at org.openqa.selenium.remote.RemoteWebDriver.execute(RemoteWebDriver.java:552)
	at com.kms.katalon.selenium.driver.CChromeDriver.execute(CChromeDriver.java:19)
	at org.openqa.selenium.remote.RemoteWebElement.execute(RemoteWebElement.java:285)
	at org.openqa.selenium.remote.RemoteWebElement.click(RemoteWebElement.java:84)
	at jdk.internal.reflect.GeneratedMethodAccessor12.invoke(Unknown Source)
	at java.base/jdk.internal.reflect.DelegatingMethodAccessorImpl.invoke(DelegatingMethodAccessorImpl.java:43)
	at org.openqa.selenium.support.events.EventFiringWebDriver$EventFiringWebElement.lambda$new$0(EventFiringWebDriver.java:404)
	at jdk.proxy2/jdk.proxy2.$Proxy24.click(Unknown Source)
	at org.openqa.selenium.support.events.EventFiringWebDriver$EventFiringWebElement.click(EventFiringWebDriver.java:417)
	at org.openqa.selenium.WebElement$click.call(Unknown Source)
	at com.kms.katalon.core.webui.keyword.builtin.ClickKeyword.clickUntilSuccessWithTimeout(ClickKeyword.groovy:81)
	at com.kms.katalon.core.webui.keyword.builtin.ClickKeyword.clickUntilSuccessWithTimeout(ClickKeyword.groovy)
	at java.base/jdk.internal.reflect.NativeMethodAccessorImpl.invoke0(Native Method)
	at java.base/jdk.internal.reflect.NativeMethodAccessorImpl.invoke(NativeMethodAccessorImpl.java:77)
	at java.base/jdk.internal.reflect.DelegatingMethodAccessorImpl.invoke(DelegatingMethodAccessorImpl.java:43)
	at com.kms.katalon.core.webui.keyword.builtin.ClickKeyword$_click_closure1.doCall(ClickKeyword.groovy:67)
	at com.kms.katalon.core.webui.keyword.builtin.ClickKeyword$_click_closure1.call(ClickKeyword.groovy)
	at com.kms.katalon.core.webui.keyword.internal.WebUIKeywordMain.runKeyword(WebUIKeywordMain.groovy:20)
	... 20 more]]></system-err>
   </testsuite>
</testsuites>
