<?xml version="1.0" encoding="UTF-8"?>
<testsuites name="TSC-1" time="102.242" tests="4" failures="2" errors="0">
   <testsuite name="TS-2-forms1" tests="2" failures="0" errors="0" time="65.076" skipped="0" timestamp="01-08-2024T17:42:36" hostname="10685520 - 7Z54S93" id="Test Suites/TS-2-forms1">
      <properties>
         <property name="deviceName" value=""/>
         <property name="devicePlatform"/>
         <property name="logFolder" value="C:\\Users\\10685520\\OneDrive - LTIMindtree\\KT\\Katalon Studio\\SampleWebTest1\\Reports\\20240801_174224\\TS-2-forms1\\20240801_174225"/>
         <property name="logFiles" value="C:\\Users\\10685520\\OneDrive - LTIMindtree\\KT\\Katalon Studio\\SampleWebTest1\\Reports\\20240801_174224\\TS-2-forms1\\20240801_174225\\execution0.log"/>
         <property name="attachments" value=""/>
         <property name="hostName" value="10685520 - 7Z54S93"/>
         <property name="os" value="Windows 11 64bit"/>
         <property name="katalonVersion" value="9.6.0.217"/>
         <property name="browser" value="Chrome 127.0.0.0"/>
         <property name="hostAddress" value="192.168.1.9"/>
         <property name="sessionId" value="a0211c8279ed9492b3bce79d251d608c"/>
         <property name="seleniumVersion" value="3.141.59"/>
         <property name="proxyInformation" value="ProxyInformation { proxyOption=NO_PROXY, proxyServerType=HTTP, username=, password=********, proxyServerAddress=, proxyServerPort=0, executionList=&quot;&quot;, isApplyToDesiredCapabilities=true }"/>
         <property name="platform" value="Windows 11"/>
      </properties>
      <testcase name="Test Cases/TC-03-automationtesting/Register" time="54.037" classname="Test Cases/TC-03-automationtesting/Register" status="PASSED">
         <system-out><![CDATA[01-08-2024T17:42:36 - [TEST_CASE][PASSED] - Test Cases/TC-03-automationtesting/Register: Test Cases/TC-03-automationtesting/Register

01-08-2024T17:42:36 - [TEST_STEP][PASSED] - openBrowser(""): Browser is opened with url: ''

01-08-2024T17:42:37 - [MESSAGE][INFO] - Starting 'Chrome' driver

01-08-2024T17:42:37 - [MESSAGE][INFO] - Action delay is set to 0 milliseconds

01-08-2024T17:42:39 - [MESSAGE][PASSED] - Browser is opened with url: ''

01-08-2024T17:42:39 - [TEST_STEP][PASSED] - navigateToUrl("https://demo.automationtesting.in/Register.html"): Navigate to 'https://demo.automationtesting.in/Register.html' successfully

01-08-2024T17:42:43 - [MESSAGE][PASSED] - Navigate to 'https://demo.automationtesting.in/Register.html' successfully

01-08-2024T17:42:43 - [TEST_STEP][PASSED] - setText(findTestObject("Object Repository/TC-03/Page_Register/input_Full Name_form-control ng-pristine ng_10dee7"), "Dom"): Text 'Dom' is set on object 'Object Repository/TC-03/Page_Register/input_Full Name_form-control ng-pristine ng_10dee7'

01-08-2024T17:43:15 - [MESSAGE][PASSED] - Text 'Dom' is set on object 'Object Repository/TC-03/Page_Register/input_Full Name_form-control ng-pristine ng_10dee7'

01-08-2024T17:43:15 - [TEST_STEP][PASSED] - setText(findTestObject("Object Repository/TC-03/Page_Register/input_Full Name_form-control ng-untouched n_438cb8"), "Sil"): Text 'Sil' is set on object 'Object Repository/TC-03/Page_Register/input_Full Name_form-control ng-untouched n_438cb8'

01-08-2024T17:43:15 - [MESSAGE][PASSED] - Text 'Sil' is set on object 'Object Repository/TC-03/Page_Register/input_Full Name_form-control ng-untouched n_438cb8'

01-08-2024T17:43:15 - [TEST_STEP][PASSED] - setText(findTestObject("Object Repository/TC-03/Page_Register/textarea_Address_form-control ng-untouched _b1abf7"), "Nav CHS"): Text 'Nav CHS' is set on object 'Object Repository/TC-03/Page_Register/textarea_Address_form-control ng-untouched _b1abf7'

01-08-2024T17:43:16 - [MESSAGE][PASSED] - Text 'Nav CHS' is set on object 'Object Repository/TC-03/Page_Register/textarea_Address_form-control ng-untouched _b1abf7'

01-08-2024T17:43:16 - [TEST_STEP][PASSED] - setText(findTestObject("Object Repository/TC-03/Page_Register/input_Email address_form-control ng-untouch_b58296"), "dsil@gmail.com"): Text 'dsil@gmail.com' is set on object 'Object Repository/TC-03/Page_Register/input_Email address_form-control ng-untouch_b58296'

01-08-2024T17:43:17 - [MESSAGE][PASSED] - Text 'dsil@gmail.com' is set on object 'Object Repository/TC-03/Page_Register/input_Email address_form-control ng-untouch_b58296'

01-08-2024T17:43:17 - [TEST_STEP][PASSED] - setText(findTestObject("Object Repository/TC-03/Page_Register/input_Phone_form-control ng-untouched ng-in_c98163"), "9876543210"): Text '9876543210' is set on object 'Object Repository/TC-03/Page_Register/input_Phone_form-control ng-untouched ng-in_c98163'

01-08-2024T17:43:17 - [MESSAGE][PASSED] - Text '9876543210' is set on object 'Object Repository/TC-03/Page_Register/input_Phone_form-control ng-untouched ng-in_c98163'

01-08-2024T17:43:17 - [TEST_STEP][PASSED] - click(findTestObject("Object Repository/TC-03/Page_Register/label_Male")): Object: 'Object Repository/TC-03/Page_Register/label_Male' is clicked on

01-08-2024T17:43:18 - [MESSAGE][PASSED] - Object: 'Object Repository/TC-03/Page_Register/label_Male' is clicked on

01-08-2024T17:43:18 - [TEST_STEP][PASSED] - click(findTestObject("Object Repository/TC-03/Page_Register/input_Hobbies_checkbox1")): Object: 'Object Repository/TC-03/Page_Register/input_Hobbies_checkbox1' is clicked on

01-08-2024T17:43:18 - [MESSAGE][PASSED] - Object: 'Object Repository/TC-03/Page_Register/input_Hobbies_checkbox1' is clicked on

01-08-2024T17:43:18 - [TEST_STEP][PASSED] - click(findTestObject("Object Repository/TC-03/Page_Register/input_Hobbies_checkbox1")): Object: 'Object Repository/TC-03/Page_Register/input_Hobbies_checkbox1' is clicked on

01-08-2024T17:43:18 - [MESSAGE][PASSED] - Object: 'Object Repository/TC-03/Page_Register/input_Hobbies_checkbox1' is clicked on

01-08-2024T17:43:18 - [TEST_STEP][PASSED] - click(findTestObject("Object Repository/TC-03/Page_Register/input_Cricket_checkbox2")): Object: 'Object Repository/TC-03/Page_Register/input_Cricket_checkbox2' is clicked on

01-08-2024T17:43:19 - [MESSAGE][PASSED] - Object: 'Object Repository/TC-03/Page_Register/input_Cricket_checkbox2' is clicked on

01-08-2024T17:43:19 - [TEST_STEP][PASSED] - click(findTestObject("Object Repository/TC-03/Page_Register/div_Languages_msdd")): Object: 'Object Repository/TC-03/Page_Register/div_Languages_msdd' is clicked on

01-08-2024T17:43:19 - [MESSAGE][PASSED] - Object: 'Object Repository/TC-03/Page_Register/div_Languages_msdd' is clicked on

01-08-2024T17:43:19 - [TEST_STEP][PASSED] - click(findTestObject("Object Repository/TC-03/Page_Register/div_Languages_msdd")): Object: 'Object Repository/TC-03/Page_Register/div_Languages_msdd' is clicked on

01-08-2024T17:43:19 - [MESSAGE][PASSED] - Object: 'Object Repository/TC-03/Page_Register/div_Languages_msdd' is clicked on

01-08-2024T17:43:19 - [TEST_STEP][PASSED] - click(findTestObject("Object Repository/TC-03/Page_Register/li_English")): Object: 'Object Repository/TC-03/Page_Register/li_English' is clicked on

01-08-2024T17:43:20 - [MESSAGE][PASSED] - Object: 'Object Repository/TC-03/Page_Register/li_English' is clicked on

01-08-2024T17:43:20 - [TEST_STEP][PASSED] - selectOptionByValue(findTestObject("Object Repository/TC-03/Page_Register/select_Select Skills                       _fcf818"), "C++", true): All options with value 'C++' are selected in object 'Object Repository/TC-03/Page_Register/select_Select Skills                       _fcf818'  using regular expression

01-08-2024T17:43:22 - [MESSAGE][PASSED] - All options with value 'C++' are selected in object 'Object Repository/TC-03/Page_Register/select_Select Skills                       _fcf818'  using regular expression

01-08-2024T17:43:22 - [TEST_STEP][PASSED] - click(findTestObject("Object Repository/TC-03/Page_Register/span_Select Country_select2-selection selec_6e0c3c")): Object: 'Object Repository/TC-03/Page_Register/span_Select Country_select2-selection selec_6e0c3c' is clicked on

01-08-2024T17:43:22 - [MESSAGE][PASSED] - Object: 'Object Repository/TC-03/Page_Register/span_Select Country_select2-selection selec_6e0c3c' is clicked on

01-08-2024T17:43:22 - [TEST_STEP][PASSED] - selectOptionByValue(findTestObject("Object Repository/TC-03/Page_Register/select_year                             191_0e56cb"), year, true): All options with value '1998' are selected in object 'Object Repository/TC-03/Page_Register/select_year                             191_0e56cb'  using regular expression

01-08-2024T17:43:24 - [MESSAGE][PASSED] - All options with value '1998' are selected in object 'Object Repository/TC-03/Page_Register/select_year                             191_0e56cb'  using regular expression

01-08-2024T17:43:24 - [TEST_STEP][PASSED] - selectOptionByValue(findTestObject("Object Repository/TC-03/Page_Register/select_Month                               _920c21"), month, true): All options with value 'October' are selected in object 'Object Repository/TC-03/Page_Register/select_Month                               _920c21'  using regular expression

01-08-2024T17:43:26 - [MESSAGE][PASSED] - All options with value 'October' are selected in object 'Object Repository/TC-03/Page_Register/select_Month                               _920c21'  using regular expression

01-08-2024T17:43:26 - [TEST_STEP][PASSED] - selectOptionByValue(findTestObject("Object Repository/TC-03/Page_Register/select_Day                                 _6d848d"), date, true): All options with value '18' are selected in object 'Object Repository/TC-03/Page_Register/select_Day                                 _6d848d'  using regular expression

01-08-2024T17:43:27 - [MESSAGE][PASSED] - All options with value '18' are selected in object 'Object Repository/TC-03/Page_Register/select_Day                                 _6d848d'  using regular expression

01-08-2024T17:43:27 - [TEST_STEP][PASSED] - setEncryptedText(findTestObject("Object Repository/TC-03/Page_Register/input_Password_firstpassword"), "3Z9vEXbPUsD5eDQOwLR1+w=="): Text ****** has been set on object 'Object Repository/TC-03/Page_Register/input_Password_firstpassword'

01-08-2024T17:43:27 - [MESSAGE][PASSED] - Text ****** has been set on object 'Object Repository/TC-03/Page_Register/input_Password_firstpassword'

01-08-2024T17:43:27 - [TEST_STEP][PASSED] - click(findTestObject("Object Repository/TC-03/Page_Register/form_Full Name                             _47f0eb")): Object: 'Object Repository/TC-03/Page_Register/form_Full Name                             _47f0eb' is clicked on

01-08-2024T17:43:28 - [MESSAGE][PASSED] - Object: 'Object Repository/TC-03/Page_Register/form_Full Name                             _47f0eb' is clicked on

01-08-2024T17:43:28 - [TEST_STEP][PASSED] - setEncryptedText(findTestObject("Object Repository/TC-03/Page_Register/input_Confirm Password_secondpassword"), "3Z9vEXbPUsD5eDQOwLR1+w=="): Text ****** has been set on object 'Object Repository/TC-03/Page_Register/input_Confirm Password_secondpassword'

01-08-2024T17:43:28 - [MESSAGE][PASSED] - Text ****** has been set on object 'Object Repository/TC-03/Page_Register/input_Confirm Password_secondpassword'

01-08-2024T17:43:28 - [TEST_STEP][PASSED] - click(findTestObject("Object Repository/TC-03/Page_Register/button_Submit")): Object: 'Object Repository/TC-03/Page_Register/button_Submit' is clicked on

01-08-2024T17:43:28 - [MESSAGE][PASSED] - Object: 'Object Repository/TC-03/Page_Register/button_Submit' is clicked on

01-08-2024T17:43:28 - [TEST_STEP][PASSED] - click(findTestObject("Object Repository/TC-03/Page_Register/button_Refresh")): Object: 'Object Repository/TC-03/Page_Register/button_Refresh' is clicked on

01-08-2024T17:43:30 - [MESSAGE][PASSED] - Object: 'Object Repository/TC-03/Page_Register/button_Refresh' is clicked on

01-08-2024T17:43:30 - [TEST_STEP][PASSED] - closeBrowser(): Browser is closed

01-08-2024T17:43:30 - [MESSAGE][PASSED] - Browser is closed]]></system-out>
         <system-err><![CDATA[]]></system-err>
      </testcase>
      <testcase name="Test Cases/TC-05-ultimateqa-form/main" time="10.842" classname="Test Cases/TC-05-ultimateqa-form/main" status="PASSED">
         <system-out><![CDATA[01-08-2024T17:43:30 - [TEST_CASE][PASSED] - Test Cases/TC-05-ultimateqa-form/main: Test Cases/TC-05-ultimateqa-form/main

01-08-2024T17:43:30 - [TEST_STEP][PASSED] - openBrowser(""): Browser is opened with url: ''

01-08-2024T17:43:30 - [MESSAGE][INFO] - Starting 'Chrome' driver

01-08-2024T17:43:30 - [MESSAGE][INFO] - Action delay is set to 0 milliseconds

01-08-2024T17:43:31 - [MESSAGE][PASSED] - Browser is opened with url: ''

01-08-2024T17:43:31 - [TEST_STEP][PASSED] - navigateToUrl("https://ultimateqa.com/filling-out-forms/"): Navigate to 'https://ultimateqa.com/filling-out-forms/' successfully

01-08-2024T17:43:37 - [MESSAGE][PASSED] - Navigate to 'https://ultimateqa.com/filling-out-forms/' successfully

01-08-2024T17:43:37 - [TEST_STEP][PASSED] - setText(findTestObject("Object Repository/TC-05/Page_Filling Out Forms - Ultimate QA/input_Name_et_pb_contact_name_0"), "Jam"): Text 'Jam' is set on object 'Object Repository/TC-05/Page_Filling Out Forms - Ultimate QA/input_Name_et_pb_contact_name_0'

01-08-2024T17:43:38 - [MESSAGE][PASSED] - Text 'Jam' is set on object 'Object Repository/TC-05/Page_Filling Out Forms - Ultimate QA/input_Name_et_pb_contact_name_0'

01-08-2024T17:43:38 - [TEST_STEP][PASSED] - setText(findTestObject("Object Repository/TC-05/Page_Filling Out Forms - Ultimate QA/textarea_Message_et_pb_contact_message_0"), "Butter"): Text 'Butter' is set on object 'Object Repository/TC-05/Page_Filling Out Forms - Ultimate QA/textarea_Message_et_pb_contact_message_0'

01-08-2024T17:43:39 - [MESSAGE][PASSED] - Text 'Butter' is set on object 'Object Repository/TC-05/Page_Filling Out Forms - Ultimate QA/textarea_Message_et_pb_contact_message_0'

01-08-2024T17:43:39 - [TEST_STEP][PASSED] - setText(findTestObject("Object Repository/TC-05/Page_Filling Out Forms - Ultimate QA/input_Name_et_pb_contact_name_1"), "Sam"): Text 'Sam' is set on object 'Object Repository/TC-05/Page_Filling Out Forms - Ultimate QA/input_Name_et_pb_contact_name_1'

01-08-2024T17:43:40 - [MESSAGE][PASSED] - Text 'Sam' is set on object 'Object Repository/TC-05/Page_Filling Out Forms - Ultimate QA/input_Name_et_pb_contact_name_1'

01-08-2024T17:43:40 - [TEST_STEP][PASSED] - setText(findTestObject("Object Repository/TC-05/Page_Filling Out Forms - Ultimate QA/textarea_Message_et_pb_contact_message_1"), "Gutt"): Text 'Gutt' is set on object 'Object Repository/TC-05/Page_Filling Out Forms - Ultimate QA/textarea_Message_et_pb_contact_message_1'

01-08-2024T17:43:40 - [MESSAGE][PASSED] - Text 'Gutt' is set on object 'Object Repository/TC-05/Page_Filling Out Forms - Ultimate QA/textarea_Message_et_pb_contact_message_1'

01-08-2024T17:43:40 - [TEST_STEP][PASSED] - click(findTestObject("Object Repository/TC-05/Page_Filling Out Forms - Ultimate QA/button_Submit")): Object: 'Object Repository/TC-05/Page_Filling Out Forms - Ultimate QA/button_Submit' is clicked on

01-08-2024T17:43:41 - [MESSAGE][PASSED] - Object: 'Object Repository/TC-05/Page_Filling Out Forms - Ultimate QA/button_Submit' is clicked on

01-08-2024T17:43:41 - [TEST_STEP][PASSED] - closeBrowser(): Browser is closed

01-08-2024T17:43:41 - [MESSAGE][PASSED] - Browser is closed]]></system-out>
         <system-err><![CDATA[]]></system-err>
      </testcase>
      <system-out><![CDATA[01-08-2024T17:42:36 - [TEST_SUITE][PASSED] - TS-2-forms1: Test Cases/TC-05-ultimateqa-form/main]]></system-out>
      <system-err><![CDATA[]]></system-err>
   </testsuite>
   <testsuite name="TS-3-HealthCare" tests="2" failures="2" errors="0" time="11.311" skipped="0" timestamp="01-08-2024T17:43:53" hostname="10685520 - 7Z54S93" id="Test Suites/TS-3-HealthCare">
      <properties>
         <property name="deviceName" value=""/>
         <property name="devicePlatform"/>
         <property name="logFolder" value="C:\\Users\\10685520\\OneDrive - LTIMindtree\\KT\\Katalon Studio\\SampleWebTest1\\Reports\\20240801_174224\\TS-3-HealthCare\\20240801_174227"/>
         <property name="logFiles" value="C:\\Users\\10685520\\OneDrive - LTIMindtree\\KT\\Katalon Studio\\SampleWebTest1\\Reports\\20240801_174224\\TS-3-HealthCare\\20240801_174227\\execution0.log"/>
         <property name="attachments" value=""/>
         <property name="hostName" value="10685520 - 7Z54S93"/>
         <property name="hostAddress" value="192.168.1.9"/>
         <property name="os" value="Windows 11 64bit"/>
         <property name="katalonVersion" value="9.6.0.217"/>
      </properties>
      <testcase name="Test Cases/TC-01-Katalonhealthcare/HealthCare-Katalon" time="0.981" classname="Test Cases/TC-01-Katalonhealthcare/HealthCare-Katalon" status="FAILED">
         <failure type="FAILED" message="Test Cases/TC-01-Katalonhealthcare/HealthCare-Katalon FAILED.&#xa;Reason:&#xa;com.kms.katalon.core.exception.StepFailedException: Unable to open browser with url: ''&#xa;	at com.kms.katalon.core.webui.keyword.internal.WebUIKeywordMain.stepFailed(WebUIKeywordMain.groovy:64)&#xa;	at com.kms.katalon.core.webui.keyword.internal.WebUIKeywordMain.runKeyword(WebUIKeywordMain.groovy:26)&#xa;	at com.kms.katalon.core.webui.keyword.builtin.OpenBrowserKeyword.openBrowser(OpenBrowserKeyword.groovy:81)&#xa;	at com.kms.katalon.core.webui.keyword.builtin.OpenBrowserKeyword.execute(OpenBrowserKeyword.groovy:67)&#xa;	at com.kms.katalon.core.keyword.internal.KeywordExecutor.executeKeywordForPlatform(KeywordExecutor.groovy:74)&#xa;	at com.kms.katalon.core.webui.keyword.WebUiBuiltInKeywords.openBrowser(WebUiBuiltInKeywords.groovy:64)&#xa;	at HealthCare-Katalon.run(HealthCare-Katalon:20)&#xa;	at com.kms.katalon.core.main.ScriptEngine.run(ScriptEngine.java:194)&#xa;	at com.kms.katalon.core.main.ScriptEngine.runScriptAsRawText(ScriptEngine.java:119)&#xa;	at com.kms.katalon.core.main.TestCaseExecutor.runScript(TestCaseExecutor.java:448)&#xa;	at com.kms.katalon.core.main.TestCaseExecutor.doExecute(TestCaseExecutor.java:439)&#xa;	at com.kms.katalon.core.main.TestCaseExecutor.processExecutionPhase(TestCaseExecutor.java:418)&#xa;	at com.kms.katalon.core.main.TestCaseExecutor.accessMainPhase(TestCaseExecutor.java:410)&#xa;	at com.kms.katalon.core.main.TestCaseExecutor.execute(TestCaseExecutor.java:285)&#xa;	at com.kms.katalon.core.main.TestCaseExecutor.execute(TestCaseExecutor.java:369)&#xa;	at com.kms.katalon.core.main.TestCaseExecutor.execute(TestCaseExecutor.java:369)&#xa;	at com.kms.katalon.core.main.TestCaseExecutor.execute(TestCaseExecutor.java:369)&#xa;	at com.kms.katalon.core.common.CommonExecutor.accessTestCaseMainPhase(CommonExecutor.java:65)&#xa;	at com.kms.katalon.core.main.TestSuiteExecutor.accessTestSuiteMainPhase(TestSuiteExecutor.java:150)&#xa;	at com.kms.katalon.core.main.TestSuiteExecutor.execute(TestSuiteExecutor.java:106)&#xa;	at com.kms.katalon.core.main.TestCaseMain.startTestSuite(TestCaseMain.java:180)&#xa;	at TempTestSuite1722514347942.run(TempTestSuite1722514347942.groovy:35)&#xa;	at java.base/jdk.internal.reflect.NativeMethodAccessorImpl.invoke0(Native Method)&#xa;	at java.base/jdk.internal.reflect.NativeMethodAccessorImpl.invoke(NativeMethodAccessorImpl.java:77)&#xa;	at java.base/jdk.internal.reflect.DelegatingMethodAccessorImpl.invoke(DelegatingMethodAccessorImpl.java:43)&#xa;Caused by: org.openqa.selenium.SessionNotCreatedException: session not created: This version of Microsoft Edge WebDriver only supports Microsoft Edge version 125&#xa;Current browser version is 127.0.2651.74 with binary path C:\Program Files (x86)\Microsoft\Edge\Application\msedge.exe&#xa;Build info: version: '3.141.59', revision: 'unknown', time: 'unknown'&#xa;System info: host: '7Z54S93', ip: '192.168.1.9', os.name: 'Windows 11', os.arch: 'amd64', os.version: '10.0', java.version: '17.0.7'&#xa;Driver info: driver.version: CEdgeDriver&#xa;remote stacktrace: 	GetHandleVerifier [0x00007FF6CF685FF2+61250]&#xa;	Microsoft::Applications::Events::ILogConfiguration::operator* [0x00007FF6CF610649+207017]&#xa;	(No symbol) [0x00007FF6CF41E3C7]&#xa;	(No symbol) [0x00007FF6CF45676F]&#xa;	(No symbol) [0x00007FF6CF455C28]&#xa;	(No symbol) [0x00007FF6CF4502B0]&#xa;	(No symbol) [0x00007FF6CF44CD37]&#xa;	(No symbol) [0x00007FF6CF48E92C]&#xa;	(No symbol) [0x00007FF6CF4844B3]&#xa;	(No symbol) [0x00007FF6CF459F1E]&#xa;	(No symbol) [0x00007FF6CF4590DC]&#xa;	(No symbol) [0x00007FF6CF459AD1]&#xa;	Microsoft::Applications::Events::EventProperty::to_string [0x00007FF6CF83E184+1072532]&#xa;	(No symbol) [0x00007FF6CF4D2CEC]&#xa;	Microsoft::Applications::Events::EventProperty::~EventProperty [0x00007FF6CF57EEAC+51468]&#xa;	Microsoft::Applications::Events::EventProperty::~EventProperty [0x00007FF6CF573765+4549]&#xa;	Microsoft::Applications::Events::EventProperty::to_string [0x00007FF6CF83D145+1068373]&#xa;	Microsoft::Applications::Events::ILogConfiguration::operator* [0x00007FF6CF61A051+246449]&#xa;	Microsoft::Applications::Events::ILogConfiguration::operator* [0x00007FF6CF6153B4+226836]&#xa;	Microsoft::Applications::Events::ILogConfiguration::operator* [0x00007FF6CF6154EB+227147]&#xa;	Microsoft::Applications::Events::ILogConfiguration::operator* [0x00007FF6CF60BCE0+188224]&#xa;	BaseThreadInitThunk [0x00007FFEAF19257D+29]&#xa;	RtlUserThreadStart [0x00007FFEAF82AF28+40]&#xa;&#xa;	at java.base/jdk.internal.reflect.NativeConstructorAccessorImpl.newInstance0(Native Method)&#xa;	at java.base/jdk.internal.reflect.NativeConstructorAccessorImpl.newInstance(NativeConstructorAccessorImpl.java:77)&#xa;	at java.base/jdk.internal.reflect.DelegatingConstructorAccessorImpl.newInstance(DelegatingConstructorAccessorImpl.java:45)&#xa;	at org.openqa.selenium.remote.W3CHandshakeResponse.lambda$errorHandler$0(W3CHandshakeResponse.java:62)&#xa;	at org.openqa.selenium.remote.HandshakeResponse.lambda$getResponseFunction$0(HandshakeResponse.java:30)&#xa;	at org.openqa.selenium.remote.ProtocolHandshake.lambda$createSession$0(ProtocolHandshake.java:126)&#xa;	at org.openqa.selenium.remote.ProtocolHandshake.createSession(ProtocolHandshake.java:128)&#xa;	at org.openqa.selenium.remote.ProtocolHandshake.createSession(ProtocolHandshake.java:74)&#xa;	at org.openqa.selenium.remote.HttpCommandExecutor.execute(HttpCommandExecutor.java:136)&#xa;	at org.openqa.selenium.remote.service.DriverCommandExecutor.execute(DriverCommandExecutor.java:83)&#xa;	at org.openqa.selenium.remote.RemoteWebDriver.execute(RemoteWebDriver.java:552)&#xa;	at com.kms.katalon.selenium.driver.CEdgeDriver.execute(CEdgeDriver.java:20)&#xa;	at org.openqa.selenium.remote.RemoteWebDriver.startSession(RemoteWebDriver.java:213)&#xa;	at org.openqa.selenium.remote.RemoteWebDriver.&lt;init>(RemoteWebDriver.java:131)&#xa;	at org.openqa.selenium.edge.EdgeDriver.&lt;init>(EdgeDriver.java:154)&#xa;	at com.kms.katalon.selenium.driver.CEdgeDriver.&lt;init>(CEdgeDriver.java:14)&#xa;	at com.kms.katalon.core.webui.driver.DriverFactory.createNewEdgeChromiumDriver(DriverFactory.java:692)&#xa;	at com.kms.katalon.core.webui.driver.DriverFactory.startNewBrowser(DriverFactory.java:397)&#xa;	at com.kms.katalon.core.webui.driver.DriverFactory.openWebDriver(DriverFactory.java:271)&#xa;	at com.kms.katalon.core.webui.keyword.builtin.OpenBrowserKeyword$_openBrowser_closure1.doCall(OpenBrowserKeyword.groovy:74)&#xa;	at com.kms.katalon.core.webui.keyword.builtin.OpenBrowserKeyword$_openBrowser_closure1.call(OpenBrowserKeyword.groovy)&#xa;	at com.kms.katalon.core.webui.keyword.internal.WebUIKeywordMain.runKeyword(WebUIKeywordMain.groovy:20)&#xa;	... 23 more&#xa;"/>
         <system-out><![CDATA[01-08-2024T17:43:58 - [TEST_CASE][FAILED] - Test Cases/TC-01-Katalonhealthcare/HealthCare-Katalon: Test Cases/TC-01-Katalonhealthcare/HealthCare-Katalon FAILED.
Reason:
com.kms.katalon.core.exception.StepFailedException: Unable to open browser with url: ''
	at com.kms.katalon.core.webui.keyword.internal.WebUIKeywordMain.stepFailed(WebUIKeywordMain.groovy:64)
	at com.kms.katalon.core.webui.keyword.internal.WebUIKeywordMain.runKeyword(WebUIKeywordMain.groovy:26)
	at com.kms.katalon.core.webui.keyword.builtin.OpenBrowserKeyword.openBrowser(OpenBrowserKeyword.groovy:81)
	at com.kms.katalon.core.webui.keyword.builtin.OpenBrowserKeyword.execute(OpenBrowserKeyword.groovy:67)
	at com.kms.katalon.core.keyword.internal.KeywordExecutor.executeKeywordForPlatform(KeywordExecutor.groovy:74)
	at com.kms.katalon.core.webui.keyword.WebUiBuiltInKeywords.openBrowser(WebUiBuiltInKeywords.groovy:64)
	at HealthCare-Katalon.run(HealthCare-Katalon:20)
	at com.kms.katalon.core.main.ScriptEngine.run(ScriptEngine.java:194)
	at com.kms.katalon.core.main.ScriptEngine.runScriptAsRawText(ScriptEngine.java:119)
	at com.kms.katalon.core.main.TestCaseExecutor.runScript(TestCaseExecutor.java:448)
	at com.kms.katalon.core.main.TestCaseExecutor.doExecute(TestCaseExecutor.java:439)
	at com.kms.katalon.core.main.TestCaseExecutor.processExecutionPhase(TestCaseExecutor.java:418)
	at com.kms.katalon.core.main.TestCaseExecutor.accessMainPhase(TestCaseExecutor.java:410)
	at com.kms.katalon.core.main.TestCaseExecutor.execute(TestCaseExecutor.java:285)
	at com.kms.katalon.core.main.TestCaseExecutor.execute(TestCaseExecutor.java:369)
	at com.kms.katalon.core.main.TestCaseExecutor.execute(TestCaseExecutor.java:369)
	at com.kms.katalon.core.main.TestCaseExecutor.execute(TestCaseExecutor.java:369)
	at com.kms.katalon.core.common.CommonExecutor.accessTestCaseMainPhase(CommonExecutor.java:65)
	at com.kms.katalon.core.main.TestSuiteExecutor.accessTestSuiteMainPhase(TestSuiteExecutor.java:150)
	at com.kms.katalon.core.main.TestSuiteExecutor.execute(TestSuiteExecutor.java:106)
	at com.kms.katalon.core.main.TestCaseMain.startTestSuite(TestCaseMain.java:180)
	at TempTestSuite1722514347942.run(TempTestSuite1722514347942.groovy:35)
	at java.base/jdk.internal.reflect.NativeMethodAccessorImpl.invoke0(Native Method)
	at java.base/jdk.internal.reflect.NativeMethodAccessorImpl.invoke(NativeMethodAccessorImpl.java:77)
	at java.base/jdk.internal.reflect.DelegatingMethodAccessorImpl.invoke(DelegatingMethodAccessorImpl.java:43)
Caused by: org.openqa.selenium.SessionNotCreatedException: session not created: This version of Microsoft Edge WebDriver only supports Microsoft Edge version 125
Current browser version is 127.0.2651.74 with binary path C:\Program Files (x86)\Microsoft\Edge\Application\msedge.exe
Build info: version: '3.141.59', revision: 'unknown', time: 'unknown'
System info: host: '7Z54S93', ip: '192.168.1.9', os.name: 'Windows 11', os.arch: 'amd64', os.version: '10.0', java.version: '17.0.7'
Driver info: driver.version: CEdgeDriver
remote stacktrace: 	GetHandleVerifier [0x00007FF6CF685FF2+61250]
	Microsoft::Applications::Events::ILogConfiguration::operator* [0x00007FF6CF610649+207017]
	(No symbol) [0x00007FF6CF41E3C7]
	(No symbol) [0x00007FF6CF45676F]
	(No symbol) [0x00007FF6CF455C28]
	(No symbol) [0x00007FF6CF4502B0]
	(No symbol) [0x00007FF6CF44CD37]
	(No symbol) [0x00007FF6CF48E92C]
	(No symbol) [0x00007FF6CF4844B3]
	(No symbol) [0x00007FF6CF459F1E]
	(No symbol) [0x00007FF6CF4590DC]
	(No symbol) [0x00007FF6CF459AD1]
	Microsoft::Applications::Events::EventProperty::to_string [0x00007FF6CF83E184+1072532]
	(No symbol) [0x00007FF6CF4D2CEC]
	Microsoft::Applications::Events::EventProperty::~EventProperty [0x00007FF6CF57EEAC+51468]
	Microsoft::Applications::Events::EventProperty::~EventProperty [0x00007FF6CF573765+4549]
	Microsoft::Applications::Events::EventProperty::to_string [0x00007FF6CF83D145+1068373]
	Microsoft::Applications::Events::ILogConfiguration::operator* [0x00007FF6CF61A051+246449]
	Microsoft::Applications::Events::ILogConfiguration::operator* [0x00007FF6CF6153B4+226836]
	Microsoft::Applications::Events::ILogConfiguration::operator* [0x00007FF6CF6154EB+227147]
	Microsoft::Applications::Events::ILogConfiguration::operator* [0x00007FF6CF60BCE0+188224]
	BaseThreadInitThunk [0x00007FFEAF19257D+29]
	RtlUserThreadStart [0x00007FFEAF82AF28+40]

	at java.base/jdk.internal.reflect.NativeConstructorAccessorImpl.newInstance0(Native Method)
	at java.base/jdk.internal.reflect.NativeConstructorAccessorImpl.newInstance(NativeConstructorAccessorImpl.java:77)
	at java.base/jdk.internal.reflect.DelegatingConstructorAccessorImpl.newInstance(DelegatingConstructorAccessorImpl.java:45)
	at org.openqa.selenium.remote.W3CHandshakeResponse.lambda$errorHandler$0(W3CHandshakeResponse.java:62)
	at org.openqa.selenium.remote.HandshakeResponse.lambda$getResponseFunction$0(HandshakeResponse.java:30)
	at org.openqa.selenium.remote.ProtocolHandshake.lambda$createSession$0(ProtocolHandshake.java:126)
	at org.openqa.selenium.remote.ProtocolHandshake.createSession(ProtocolHandshake.java:128)
	at org.openqa.selenium.remote.ProtocolHandshake.createSession(ProtocolHandshake.java:74)
	at org.openqa.selenium.remote.HttpCommandExecutor.execute(HttpCommandExecutor.java:136)
	at org.openqa.selenium.remote.service.DriverCommandExecutor.execute(DriverCommandExecutor.java:83)
	at org.openqa.selenium.remote.RemoteWebDriver.execute(RemoteWebDriver.java:552)
	at com.kms.katalon.selenium.driver.CEdgeDriver.execute(CEdgeDriver.java:20)
	at org.openqa.selenium.remote.RemoteWebDriver.startSession(RemoteWebDriver.java:213)
	at org.openqa.selenium.remote.RemoteWebDriver.<init>(RemoteWebDriver.java:131)
	at org.openqa.selenium.edge.EdgeDriver.<init>(EdgeDriver.java:154)
	at com.kms.katalon.selenium.driver.CEdgeDriver.<init>(CEdgeDriver.java:14)
	at com.kms.katalon.core.webui.driver.DriverFactory.createNewEdgeChromiumDriver(DriverFactory.java:692)
	at com.kms.katalon.core.webui.driver.DriverFactory.startNewBrowser(DriverFactory.java:397)
	at com.kms.katalon.core.webui.driver.DriverFactory.openWebDriver(DriverFactory.java:271)
	at com.kms.katalon.core.webui.keyword.builtin.OpenBrowserKeyword$_openBrowser_closure1.doCall(OpenBrowserKeyword.groovy:74)
	at com.kms.katalon.core.webui.keyword.builtin.OpenBrowserKeyword$_openBrowser_closure1.call(OpenBrowserKeyword.groovy)
	at com.kms.katalon.core.webui.keyword.internal.WebUIKeywordMain.runKeyword(WebUIKeywordMain.groovy:20)
	... 23 more


01-08-2024T17:43:58 - [TEST_STEP][FAILED] - openBrowser(""): Unable to open browser with url: '' (Root cause: com.kms.katalon.core.exception.StepFailedException: Unable to open browser with url: ''
	at com.kms.katalon.core.webui.keyword.internal.WebUIKeywordMain.stepFailed(WebUIKeywordMain.groovy:64)
	at com.kms.katalon.core.webui.keyword.internal.WebUIKeywordMain.runKeyword(WebUIKeywordMain.groovy:26)
	at com.kms.katalon.core.webui.keyword.builtin.OpenBrowserKeyword.openBrowser(OpenBrowserKeyword.groovy:81)
	at com.kms.katalon.core.webui.keyword.builtin.OpenBrowserKeyword.execute(OpenBrowserKeyword.groovy:67)
	at com.kms.katalon.core.keyword.internal.KeywordExecutor.executeKeywordForPlatform(KeywordExecutor.groovy:74)
	at com.kms.katalon.core.webui.keyword.WebUiBuiltInKeywords.openBrowser(WebUiBuiltInKeywords.groovy:64)
	at HealthCare-Katalon.run(HealthCare-Katalon:20)
	at com.kms.katalon.core.main.ScriptEngine.run(ScriptEngine.java:194)
	at com.kms.katalon.core.main.ScriptEngine.runScriptAsRawText(ScriptEngine.java:119)
	at com.kms.katalon.core.main.TestCaseExecutor.runScript(TestCaseExecutor.java:448)
	at com.kms.katalon.core.main.TestCaseExecutor.doExecute(TestCaseExecutor.java:439)
	at com.kms.katalon.core.main.TestCaseExecutor.processExecutionPhase(TestCaseExecutor.java:418)
	at com.kms.katalon.core.main.TestCaseExecutor.accessMainPhase(TestCaseExecutor.java:410)
	at com.kms.katalon.core.main.TestCaseExecutor.execute(TestCaseExecutor.java:285)
	at com.kms.katalon.core.main.TestCaseExecutor.execute(TestCaseExecutor.java:369)
	at com.kms.katalon.core.main.TestCaseExecutor.execute(TestCaseExecutor.java:369)
	at com.kms.katalon.core.main.TestCaseExecutor.execute(TestCaseExecutor.java:369)
	at com.kms.katalon.core.common.CommonExecutor.accessTestCaseMainPhase(CommonExecutor.java:65)
	at com.kms.katalon.core.main.TestSuiteExecutor.accessTestSuiteMainPhase(TestSuiteExecutor.java:150)
	at com.kms.katalon.core.main.TestSuiteExecutor.execute(TestSuiteExecutor.java:106)
	at com.kms.katalon.core.main.TestCaseMain.startTestSuite(TestCaseMain.java:180)
	at TempTestSuite1722514347942.run(TempTestSuite1722514347942.groovy:35)
	at java.base/jdk.internal.reflect.NativeMethodAccessorImpl.invoke0(Native Method)
	at java.base/jdk.internal.reflect.NativeMethodAccessorImpl.invoke(NativeMethodAccessorImpl.java:77)
	at java.base/jdk.internal.reflect.DelegatingMethodAccessorImpl.invoke(DelegatingMethodAccessorImpl.java:43)
Caused by: org.openqa.selenium.SessionNotCreatedException: session not created: This version of Microsoft Edge WebDriver only supports Microsoft Edge version 125
Current browser version is 127.0.2651.74 with binary path C:\Program Files (x86)\Microsoft\Edge\Application\msedge.exe
Build info: version: '3.141.59', revision: 'unknown', time: 'unknown'
System info: host: '7Z54S93', ip: '192.168.1.9', os.name: 'Windows 11', os.arch: 'amd64', os.version: '10.0', java.version: '17.0.7'
Driver info: driver.version: CEdgeDriver
remote stacktrace: 	GetHandleVerifier [0x00007FF6CF685FF2+61250]
	Microsoft::Applications::Events::ILogConfiguration::operator* [0x00007FF6CF610649+207017]
	(No symbol) [0x00007FF6CF41E3C7]
	(No symbol) [0x00007FF6CF45676F]
	(No symbol) [0x00007FF6CF455C28]
	(No symbol) [0x00007FF6CF4502B0]
	(No symbol) [0x00007FF6CF44CD37]
	(No symbol) [0x00007FF6CF48E92C]
	(No symbol) [0x00007FF6CF4844B3]
	(No symbol) [0x00007FF6CF459F1E]
	(No symbol) [0x00007FF6CF4590DC]
	(No symbol) [0x00007FF6CF459AD1]
	Microsoft::Applications::Events::EventProperty::to_string [0x00007FF6CF83E184+1072532]
	(No symbol) [0x00007FF6CF4D2CEC]
	Microsoft::Applications::Events::EventProperty::~EventProperty [0x00007FF6CF57EEAC+51468]
	Microsoft::Applications::Events::EventProperty::~EventProperty [0x00007FF6CF573765+4549]
	Microsoft::Applications::Events::EventProperty::to_string [0x00007FF6CF83D145+1068373]
	Microsoft::Applications::Events::ILogConfiguration::operator* [0x00007FF6CF61A051+246449]
	Microsoft::Applications::Events::ILogConfiguration::operator* [0x00007FF6CF6153B4+226836]
	Microsoft::Applications::Events::ILogConfiguration::operator* [0x00007FF6CF6154EB+227147]
	Microsoft::Applications::Events::ILogConfiguration::operator* [0x00007FF6CF60BCE0+188224]
	BaseThreadInitThunk [0x00007FFEAF19257D+29]
	RtlUserThreadStart [0x00007FFEAF82AF28+40]

	at java.base/jdk.internal.reflect.NativeConstructorAccessorImpl.newInstance0(Native Method)
	at java.base/jdk.internal.reflect.NativeConstructorAccessorImpl.newInstance(NativeConstructorAccessorImpl.java:77)
	at java.base/jdk.internal.reflect.DelegatingConstructorAccessorImpl.newInstance(DelegatingConstructorAccessorImpl.java:45)
	at org.openqa.selenium.remote.W3CHandshakeResponse.lambda$errorHandler$0(W3CHandshakeResponse.java:62)
	at org.openqa.selenium.remote.HandshakeResponse.lambda$getResponseFunction$0(HandshakeResponse.java:30)
	at org.openqa.selenium.remote.ProtocolHandshake.lambda$createSession$0(ProtocolHandshake.java:126)
	at org.openqa.selenium.remote.ProtocolHandshake.createSession(ProtocolHandshake.java:128)
	at org.openqa.selenium.remote.ProtocolHandshake.createSession(ProtocolHandshake.java:74)
	at org.openqa.selenium.remote.HttpCommandExecutor.execute(HttpCommandExecutor.java:136)
	at org.openqa.selenium.remote.service.DriverCommandExecutor.execute(DriverCommandExecutor.java:83)
	at org.openqa.selenium.remote.RemoteWebDriver.execute(RemoteWebDriver.java:552)
	at com.kms.katalon.selenium.driver.CEdgeDriver.execute(CEdgeDriver.java:20)
	at org.openqa.selenium.remote.RemoteWebDriver.startSession(RemoteWebDriver.java:213)
	at org.openqa.selenium.remote.RemoteWebDriver.<init>(RemoteWebDriver.java:131)
	at org.openqa.selenium.edge.EdgeDriver.<init>(EdgeDriver.java:154)
	at com.kms.katalon.selenium.driver.CEdgeDriver.<init>(CEdgeDriver.java:14)
	at com.kms.katalon.core.webui.driver.DriverFactory.createNewEdgeChromiumDriver(DriverFactory.java:692)
	at com.kms.katalon.core.webui.driver.DriverFactory.startNewBrowser(DriverFactory.java:397)
	at com.kms.katalon.core.webui.driver.DriverFactory.openWebDriver(DriverFactory.java:271)
	at com.kms.katalon.core.webui.keyword.builtin.OpenBrowserKeyword$_openBrowser_closure1.doCall(OpenBrowserKeyword.groovy:74)
	at com.kms.katalon.core.webui.keyword.builtin.OpenBrowserKeyword$_openBrowser_closure1.call(OpenBrowserKeyword.groovy)
	at com.kms.katalon.core.webui.keyword.internal.WebUIKeywordMain.runKeyword(WebUIKeywordMain.groovy:20)
	at com.kms.katalon.core.webui.keyword.builtin.OpenBrowserKeyword.openBrowser(OpenBrowserKeyword.groovy:81)
	at com.kms.katalon.core.webui.keyword.builtin.OpenBrowserKeyword.execute(OpenBrowserKeyword.groovy:67)
	at com.kms.katalon.core.keyword.internal.KeywordExecutor.executeKeywordForPlatform(KeywordExecutor.groovy:74)
	at com.kms.katalon.core.webui.keyword.WebUiBuiltInKeywords.openBrowser(WebUiBuiltInKeywords.groovy:64)
	at Script1722492316434.run(Script1722492316434.groovy:20)
	... 18 more
)

01-08-2024T17:43:58 - [MESSAGE][INFO] - Starting 'Edge Chromium' driver

01-08-2024T17:43:58 - [MESSAGE][INFO] - Action delay is set to 0 milliseconds

01-08-2024T17:43:59 - [MESSAGE][FAILED] - Unable to open browser with url: '' (Root cause: com.kms.katalon.core.exception.StepFailedException: Unable to open browser with url: ''
	at com.kms.katalon.core.webui.keyword.internal.WebUIKeywordMain.stepFailed(WebUIKeywordMain.groovy:64)
	at com.kms.katalon.core.webui.keyword.internal.WebUIKeywordMain.runKeyword(WebUIKeywordMain.groovy:26)
	at com.kms.katalon.core.webui.keyword.builtin.OpenBrowserKeyword.openBrowser(OpenBrowserKeyword.groovy:81)
	at com.kms.katalon.core.webui.keyword.builtin.OpenBrowserKeyword.execute(OpenBrowserKeyword.groovy:67)
	at com.kms.katalon.core.keyword.internal.KeywordExecutor.executeKeywordForPlatform(KeywordExecutor.groovy:74)
	at com.kms.katalon.core.webui.keyword.WebUiBuiltInKeywords.openBrowser(WebUiBuiltInKeywords.groovy:64)
	at HealthCare-Katalon.run(HealthCare-Katalon:20)
	at com.kms.katalon.core.main.ScriptEngine.run(ScriptEngine.java:194)
	at com.kms.katalon.core.main.ScriptEngine.runScriptAsRawText(ScriptEngine.java:119)
	at com.kms.katalon.core.main.TestCaseExecutor.runScript(TestCaseExecutor.java:448)
	at com.kms.katalon.core.main.TestCaseExecutor.doExecute(TestCaseExecutor.java:439)
	at com.kms.katalon.core.main.TestCaseExecutor.processExecutionPhase(TestCaseExecutor.java:418)
	at com.kms.katalon.core.main.TestCaseExecutor.accessMainPhase(TestCaseExecutor.java:410)
	at com.kms.katalon.core.main.TestCaseExecutor.execute(TestCaseExecutor.java:285)
	at com.kms.katalon.core.main.TestCaseExecutor.execute(TestCaseExecutor.java:369)
	at com.kms.katalon.core.main.TestCaseExecutor.execute(TestCaseExecutor.java:369)
	at com.kms.katalon.core.main.TestCaseExecutor.execute(TestCaseExecutor.java:369)
	at com.kms.katalon.core.common.CommonExecutor.accessTestCaseMainPhase(CommonExecutor.java:65)
	at com.kms.katalon.core.main.TestSuiteExecutor.accessTestSuiteMainPhase(TestSuiteExecutor.java:150)
	at com.kms.katalon.core.main.TestSuiteExecutor.execute(TestSuiteExecutor.java:106)
	at com.kms.katalon.core.main.TestCaseMain.startTestSuite(TestCaseMain.java:180)
	at TempTestSuite1722514347942.run(TempTestSuite1722514347942.groovy:35)
	at java.base/jdk.internal.reflect.NativeMethodAccessorImpl.invoke0(Native Method)
	at java.base/jdk.internal.reflect.NativeMethodAccessorImpl.invoke(NativeMethodAccessorImpl.java:77)
	at java.base/jdk.internal.reflect.DelegatingMethodAccessorImpl.invoke(DelegatingMethodAccessorImpl.java:43)
Caused by: org.openqa.selenium.SessionNotCreatedException: session not created: This version of Microsoft Edge WebDriver only supports Microsoft Edge version 125
Current browser version is 127.0.2651.74 with binary path C:\Program Files (x86)\Microsoft\Edge\Application\msedge.exe
Build info: version: '3.141.59', revision: 'unknown', time: 'unknown'
System info: host: '7Z54S93', ip: '192.168.1.9', os.name: 'Windows 11', os.arch: 'amd64', os.version: '10.0', java.version: '17.0.7'
Driver info: driver.version: CEdgeDriver
remote stacktrace: 	GetHandleVerifier [0x00007FF6CF685FF2+61250]
	Microsoft::Applications::Events::ILogConfiguration::operator* [0x00007FF6CF610649+207017]
	(No symbol) [0x00007FF6CF41E3C7]
	(No symbol) [0x00007FF6CF45676F]
	(No symbol) [0x00007FF6CF455C28]
	(No symbol) [0x00007FF6CF4502B0]
	(No symbol) [0x00007FF6CF44CD37]
	(No symbol) [0x00007FF6CF48E92C]
	(No symbol) [0x00007FF6CF4844B3]
	(No symbol) [0x00007FF6CF459F1E]
	(No symbol) [0x00007FF6CF4590DC]
	(No symbol) [0x00007FF6CF459AD1]
	Microsoft::Applications::Events::EventProperty::to_string [0x00007FF6CF83E184+1072532]
	(No symbol) [0x00007FF6CF4D2CEC]
	Microsoft::Applications::Events::EventProperty::~EventProperty [0x00007FF6CF57EEAC+51468]
	Microsoft::Applications::Events::EventProperty::~EventProperty [0x00007FF6CF573765+4549]
	Microsoft::Applications::Events::EventProperty::to_string [0x00007FF6CF83D145+1068373]
	Microsoft::Applications::Events::ILogConfiguration::operator* [0x00007FF6CF61A051+246449]
	Microsoft::Applications::Events::ILogConfiguration::operator* [0x00007FF6CF6153B4+226836]
	Microsoft::Applications::Events::ILogConfiguration::operator* [0x00007FF6CF6154EB+227147]
	Microsoft::Applications::Events::ILogConfiguration::operator* [0x00007FF6CF60BCE0+188224]
	BaseThreadInitThunk [0x00007FFEAF19257D+29]
	RtlUserThreadStart [0x00007FFEAF82AF28+40]

	at java.base/jdk.internal.reflect.NativeConstructorAccessorImpl.newInstance0(Native Method)
	at java.base/jdk.internal.reflect.NativeConstructorAccessorImpl.newInstance(NativeConstructorAccessorImpl.java:77)
	at java.base/jdk.internal.reflect.DelegatingConstructorAccessorImpl.newInstance(DelegatingConstructorAccessorImpl.java:45)
	at org.openqa.selenium.remote.W3CHandshakeResponse.lambda$errorHandler$0(W3CHandshakeResponse.java:62)
	at org.openqa.selenium.remote.HandshakeResponse.lambda$getResponseFunction$0(HandshakeResponse.java:30)
	at org.openqa.selenium.remote.ProtocolHandshake.lambda$createSession$0(ProtocolHandshake.java:126)
	at org.openqa.selenium.remote.ProtocolHandshake.createSession(ProtocolHandshake.java:128)
	at org.openqa.selenium.remote.ProtocolHandshake.createSession(ProtocolHandshake.java:74)
	at org.openqa.selenium.remote.HttpCommandExecutor.execute(HttpCommandExecutor.java:136)
	at org.openqa.selenium.remote.service.DriverCommandExecutor.execute(DriverCommandExecutor.java:83)
	at org.openqa.selenium.remote.RemoteWebDriver.execute(RemoteWebDriver.java:552)
	at com.kms.katalon.selenium.driver.CEdgeDriver.execute(CEdgeDriver.java:20)
	at org.openqa.selenium.remote.RemoteWebDriver.startSession(RemoteWebDriver.java:213)
	at org.openqa.selenium.remote.RemoteWebDriver.<init>(RemoteWebDriver.java:131)
	at org.openqa.selenium.edge.EdgeDriver.<init>(EdgeDriver.java:154)
	at com.kms.katalon.selenium.driver.CEdgeDriver.<init>(CEdgeDriver.java:14)
	at com.kms.katalon.core.webui.driver.DriverFactory.createNewEdgeChromiumDriver(DriverFactory.java:692)
	at com.kms.katalon.core.webui.driver.DriverFactory.startNewBrowser(DriverFactory.java:397)
	at com.kms.katalon.core.webui.driver.DriverFactory.openWebDriver(DriverFactory.java:271)
	at com.kms.katalon.core.webui.keyword.builtin.OpenBrowserKeyword$_openBrowser_closure1.doCall(OpenBrowserKeyword.groovy:74)
	at com.kms.katalon.core.webui.keyword.builtin.OpenBrowserKeyword$_openBrowser_closure1.call(OpenBrowserKeyword.groovy)
	at com.kms.katalon.core.webui.keyword.internal.WebUIKeywordMain.runKeyword(WebUIKeywordMain.groovy:20)
	at com.kms.katalon.core.webui.keyword.builtin.OpenBrowserKeyword.openBrowser(OpenBrowserKeyword.groovy:81)
	at com.kms.katalon.core.webui.keyword.builtin.OpenBrowserKeyword.execute(OpenBrowserKeyword.groovy:67)
	at com.kms.katalon.core.keyword.internal.KeywordExecutor.executeKeywordForPlatform(KeywordExecutor.groovy:74)
	at com.kms.katalon.core.webui.keyword.WebUiBuiltInKeywords.openBrowser(WebUiBuiltInKeywords.groovy:64)
	at Script1722492316434.run(Script1722492316434.groovy:20)
	... 18 more
)]]></system-out>
         <system-err><![CDATA[01-08-2024T17:43:58 - [TEST_CASE][FAILED] - Test Cases/TC-01-Katalonhealthcare/HealthCare-Katalon: Test Cases/TC-01-Katalonhealthcare/HealthCare-Katalon FAILED.
Reason:
com.kms.katalon.core.exception.StepFailedException: Unable to open browser with url: ''
	at com.kms.katalon.core.webui.keyword.internal.WebUIKeywordMain.stepFailed(WebUIKeywordMain.groovy:64)
	at com.kms.katalon.core.webui.keyword.internal.WebUIKeywordMain.runKeyword(WebUIKeywordMain.groovy:26)
	at com.kms.katalon.core.webui.keyword.builtin.OpenBrowserKeyword.openBrowser(OpenBrowserKeyword.groovy:81)
	at com.kms.katalon.core.webui.keyword.builtin.OpenBrowserKeyword.execute(OpenBrowserKeyword.groovy:67)
	at com.kms.katalon.core.keyword.internal.KeywordExecutor.executeKeywordForPlatform(KeywordExecutor.groovy:74)
	at com.kms.katalon.core.webui.keyword.WebUiBuiltInKeywords.openBrowser(WebUiBuiltInKeywords.groovy:64)
	at HealthCare-Katalon.run(HealthCare-Katalon:20)
	at com.kms.katalon.core.main.ScriptEngine.run(ScriptEngine.java:194)
	at com.kms.katalon.core.main.ScriptEngine.runScriptAsRawText(ScriptEngine.java:119)
	at com.kms.katalon.core.main.TestCaseExecutor.runScript(TestCaseExecutor.java:448)
	at com.kms.katalon.core.main.TestCaseExecutor.doExecute(TestCaseExecutor.java:439)
	at com.kms.katalon.core.main.TestCaseExecutor.processExecutionPhase(TestCaseExecutor.java:418)
	at com.kms.katalon.core.main.TestCaseExecutor.accessMainPhase(TestCaseExecutor.java:410)
	at com.kms.katalon.core.main.TestCaseExecutor.execute(TestCaseExecutor.java:285)
	at com.kms.katalon.core.main.TestCaseExecutor.execute(TestCaseExecutor.java:369)
	at com.kms.katalon.core.main.TestCaseExecutor.execute(TestCaseExecutor.java:369)
	at com.kms.katalon.core.main.TestCaseExecutor.execute(TestCaseExecutor.java:369)
	at com.kms.katalon.core.common.CommonExecutor.accessTestCaseMainPhase(CommonExecutor.java:65)
	at com.kms.katalon.core.main.TestSuiteExecutor.accessTestSuiteMainPhase(TestSuiteExecutor.java:150)
	at com.kms.katalon.core.main.TestSuiteExecutor.execute(TestSuiteExecutor.java:106)
	at com.kms.katalon.core.main.TestCaseMain.startTestSuite(TestCaseMain.java:180)
	at TempTestSuite1722514347942.run(TempTestSuite1722514347942.groovy:35)
	at java.base/jdk.internal.reflect.NativeMethodAccessorImpl.invoke0(Native Method)
	at java.base/jdk.internal.reflect.NativeMethodAccessorImpl.invoke(NativeMethodAccessorImpl.java:77)
	at java.base/jdk.internal.reflect.DelegatingMethodAccessorImpl.invoke(DelegatingMethodAccessorImpl.java:43)
Caused by: org.openqa.selenium.SessionNotCreatedException: session not created: This version of Microsoft Edge WebDriver only supports Microsoft Edge version 125
Current browser version is 127.0.2651.74 with binary path C:\Program Files (x86)\Microsoft\Edge\Application\msedge.exe
Build info: version: '3.141.59', revision: 'unknown', time: 'unknown'
System info: host: '7Z54S93', ip: '192.168.1.9', os.name: 'Windows 11', os.arch: 'amd64', os.version: '10.0', java.version: '17.0.7'
Driver info: driver.version: CEdgeDriver
remote stacktrace: 	GetHandleVerifier [0x00007FF6CF685FF2+61250]
	Microsoft::Applications::Events::ILogConfiguration::operator* [0x00007FF6CF610649+207017]
	(No symbol) [0x00007FF6CF41E3C7]
	(No symbol) [0x00007FF6CF45676F]
	(No symbol) [0x00007FF6CF455C28]
	(No symbol) [0x00007FF6CF4502B0]
	(No symbol) [0x00007FF6CF44CD37]
	(No symbol) [0x00007FF6CF48E92C]
	(No symbol) [0x00007FF6CF4844B3]
	(No symbol) [0x00007FF6CF459F1E]
	(No symbol) [0x00007FF6CF4590DC]
	(No symbol) [0x00007FF6CF459AD1]
	Microsoft::Applications::Events::EventProperty::to_string [0x00007FF6CF83E184+1072532]
	(No symbol) [0x00007FF6CF4D2CEC]
	Microsoft::Applications::Events::EventProperty::~EventProperty [0x00007FF6CF57EEAC+51468]
	Microsoft::Applications::Events::EventProperty::~EventProperty [0x00007FF6CF573765+4549]
	Microsoft::Applications::Events::EventProperty::to_string [0x00007FF6CF83D145+1068373]
	Microsoft::Applications::Events::ILogConfiguration::operator* [0x00007FF6CF61A051+246449]
	Microsoft::Applications::Events::ILogConfiguration::operator* [0x00007FF6CF6153B4+226836]
	Microsoft::Applications::Events::ILogConfiguration::operator* [0x00007FF6CF6154EB+227147]
	Microsoft::Applications::Events::ILogConfiguration::operator* [0x00007FF6CF60BCE0+188224]
	BaseThreadInitThunk [0x00007FFEAF19257D+29]
	RtlUserThreadStart [0x00007FFEAF82AF28+40]

	at java.base/jdk.internal.reflect.NativeConstructorAccessorImpl.newInstance0(Native Method)
	at java.base/jdk.internal.reflect.NativeConstructorAccessorImpl.newInstance(NativeConstructorAccessorImpl.java:77)
	at java.base/jdk.internal.reflect.DelegatingConstructorAccessorImpl.newInstance(DelegatingConstructorAccessorImpl.java:45)
	at org.openqa.selenium.remote.W3CHandshakeResponse.lambda$errorHandler$0(W3CHandshakeResponse.java:62)
	at org.openqa.selenium.remote.HandshakeResponse.lambda$getResponseFunction$0(HandshakeResponse.java:30)
	at org.openqa.selenium.remote.ProtocolHandshake.lambda$createSession$0(ProtocolHandshake.java:126)
	at org.openqa.selenium.remote.ProtocolHandshake.createSession(ProtocolHandshake.java:128)
	at org.openqa.selenium.remote.ProtocolHandshake.createSession(ProtocolHandshake.java:74)
	at org.openqa.selenium.remote.HttpCommandExecutor.execute(HttpCommandExecutor.java:136)
	at org.openqa.selenium.remote.service.DriverCommandExecutor.execute(DriverCommandExecutor.java:83)
	at org.openqa.selenium.remote.RemoteWebDriver.execute(RemoteWebDriver.java:552)
	at com.kms.katalon.selenium.driver.CEdgeDriver.execute(CEdgeDriver.java:20)
	at org.openqa.selenium.remote.RemoteWebDriver.startSession(RemoteWebDriver.java:213)
	at org.openqa.selenium.remote.RemoteWebDriver.<init>(RemoteWebDriver.java:131)
	at org.openqa.selenium.edge.EdgeDriver.<init>(EdgeDriver.java:154)
	at com.kms.katalon.selenium.driver.CEdgeDriver.<init>(CEdgeDriver.java:14)
	at com.kms.katalon.core.webui.driver.DriverFactory.createNewEdgeChromiumDriver(DriverFactory.java:692)
	at com.kms.katalon.core.webui.driver.DriverFactory.startNewBrowser(DriverFactory.java:397)
	at com.kms.katalon.core.webui.driver.DriverFactory.openWebDriver(DriverFactory.java:271)
	at com.kms.katalon.core.webui.keyword.builtin.OpenBrowserKeyword$_openBrowser_closure1.doCall(OpenBrowserKeyword.groovy:74)
	at com.kms.katalon.core.webui.keyword.builtin.OpenBrowserKeyword$_openBrowser_closure1.call(OpenBrowserKeyword.groovy)
	at com.kms.katalon.core.webui.keyword.internal.WebUIKeywordMain.runKeyword(WebUIKeywordMain.groovy:20)
	... 23 more]]></system-err>
      </testcase>
      <testcase name="Test Cases/TC-01-Katalonhealthcare/HealthCare-Apply" time="1.038" classname="Test Cases/TC-01-Katalonhealthcare/HealthCare-Apply" status="FAILED">
         <failure type="FAILED" message="Test Cases/TC-01-Katalonhealthcare/HealthCare-Apply FAILED.&#xa;Reason:&#xa;com.kms.katalon.core.exception.StepFailedException: Unable to open browser with url: ''&#xa;	at com.kms.katalon.core.webui.keyword.internal.WebUIKeywordMain.stepFailed(WebUIKeywordMain.groovy:64)&#xa;	at com.kms.katalon.core.webui.keyword.internal.WebUIKeywordMain.runKeyword(WebUIKeywordMain.groovy:26)&#xa;	at com.kms.katalon.core.webui.keyword.builtin.OpenBrowserKeyword.openBrowser(OpenBrowserKeyword.groovy:81)&#xa;	at com.kms.katalon.core.webui.keyword.builtin.OpenBrowserKeyword.execute(OpenBrowserKeyword.groovy:67)&#xa;	at com.kms.katalon.core.keyword.internal.KeywordExecutor.executeKeywordForPlatform(KeywordExecutor.groovy:74)&#xa;	at com.kms.katalon.core.webui.keyword.WebUiBuiltInKeywords.openBrowser(WebUiBuiltInKeywords.groovy:64)&#xa;	at customKeywords.myCustomKeywords.login(myCustomKeywords.groovy:46)&#xa;	at HealthCare-Apply.run(HealthCare-Apply:21)&#xa;	at com.kms.katalon.core.main.ScriptEngine.run(ScriptEngine.java:194)&#xa;	at com.kms.katalon.core.main.ScriptEngine.runScriptAsRawText(ScriptEngine.java:119)&#xa;	at com.kms.katalon.core.main.TestCaseExecutor.runScript(TestCaseExecutor.java:448)&#xa;	at com.kms.katalon.core.main.TestCaseExecutor.doExecute(TestCaseExecutor.java:439)&#xa;	at com.kms.katalon.core.main.TestCaseExecutor.processExecutionPhase(TestCaseExecutor.java:418)&#xa;	at com.kms.katalon.core.main.TestCaseExecutor.accessMainPhase(TestCaseExecutor.java:410)&#xa;	at com.kms.katalon.core.main.TestCaseExecutor.execute(TestCaseExecutor.java:285)&#xa;	at com.kms.katalon.core.main.TestCaseExecutor.execute(TestCaseExecutor.java:369)&#xa;	at com.kms.katalon.core.main.TestCaseExecutor.execute(TestCaseExecutor.java:369)&#xa;	at com.kms.katalon.core.main.TestCaseExecutor.execute(TestCaseExecutor.java:369)&#xa;	at com.kms.katalon.core.common.CommonExecutor.accessTestCaseMainPhase(CommonExecutor.java:65)&#xa;	at com.kms.katalon.core.main.TestSuiteExecutor.accessTestSuiteMainPhase(TestSuiteExecutor.java:150)&#xa;	at com.kms.katalon.core.main.TestSuiteExecutor.execute(TestSuiteExecutor.java:106)&#xa;	at com.kms.katalon.core.main.TestCaseMain.startTestSuite(TestCaseMain.java:180)&#xa;	at TempTestSuite1722514347942.run(TempTestSuite1722514347942.groovy:35)&#xa;	at java.base/jdk.internal.reflect.NativeMethodAccessorImpl.invoke0(Native Method)&#xa;	at java.base/jdk.internal.reflect.NativeMethodAccessorImpl.invoke(NativeMethodAccessorImpl.java:77)&#xa;	at java.base/jdk.internal.reflect.DelegatingMethodAccessorImpl.invoke(DelegatingMethodAccessorImpl.java:43)&#xa;Caused by: org.openqa.selenium.SessionNotCreatedException: session not created: This version of Microsoft Edge WebDriver only supports Microsoft Edge version 125&#xa;Current browser version is 127.0.2651.74 with binary path C:\Program Files (x86)\Microsoft\Edge\Application\msedge.exe&#xa;Build info: version: '3.141.59', revision: 'unknown', time: 'unknown'&#xa;System info: host: '7Z54S93', ip: '192.168.1.9', os.name: 'Windows 11', os.arch: 'amd64', os.version: '10.0', java.version: '17.0.7'&#xa;Driver info: driver.version: CEdgeDriver&#xa;remote stacktrace: 	GetHandleVerifier [0x00007FF6CF685FF2+61250]&#xa;	Microsoft::Applications::Events::ILogConfiguration::operator* [0x00007FF6CF610649+207017]&#xa;	(No symbol) [0x00007FF6CF41E3C7]&#xa;	(No symbol) [0x00007FF6CF45676F]&#xa;	(No symbol) [0x00007FF6CF455C28]&#xa;	(No symbol) [0x00007FF6CF4502B0]&#xa;	(No symbol) [0x00007FF6CF44CD37]&#xa;	(No symbol) [0x00007FF6CF48E92C]&#xa;	(No symbol) [0x00007FF6CF4844B3]&#xa;	(No symbol) [0x00007FF6CF459F1E]&#xa;	(No symbol) [0x00007FF6CF4590DC]&#xa;	(No symbol) [0x00007FF6CF459AD1]&#xa;	Microsoft::Applications::Events::EventProperty::to_string [0x00007FF6CF83E184+1072532]&#xa;	(No symbol) [0x00007FF6CF4D2CEC]&#xa;	Microsoft::Applications::Events::EventProperty::~EventProperty [0x00007FF6CF57EEAC+51468]&#xa;	Microsoft::Applications::Events::EventProperty::~EventProperty [0x00007FF6CF573765+4549]&#xa;	Microsoft::Applications::Events::EventProperty::to_string [0x00007FF6CF83D145+1068373]&#xa;	Microsoft::Applications::Events::ILogConfiguration::operator* [0x00007FF6CF61A051+246449]&#xa;	Microsoft::Applications::Events::ILogConfiguration::operator* [0x00007FF6CF6153B4+226836]&#xa;	Microsoft::Applications::Events::ILogConfiguration::operator* [0x00007FF6CF6154EB+227147]&#xa;	Microsoft::Applications::Events::ILogConfiguration::operator* [0x00007FF6CF60BCE0+188224]&#xa;	BaseThreadInitThunk [0x00007FFEAF19257D+29]&#xa;	RtlUserThreadStart [0x00007FFEAF82AF28+40]&#xa;&#xa;	at java.base/jdk.internal.reflect.NativeConstructorAccessorImpl.newInstance0(Native Method)&#xa;	at java.base/jdk.internal.reflect.NativeConstructorAccessorImpl.newInstance(NativeConstructorAccessorImpl.java:77)&#xa;	at java.base/jdk.internal.reflect.DelegatingConstructorAccessorImpl.newInstance(DelegatingConstructorAccessorImpl.java:45)&#xa;	at org.openqa.selenium.remote.W3CHandshakeResponse.lambda$errorHandler$0(W3CHandshakeResponse.java:62)&#xa;	at org.openqa.selenium.remote.HandshakeResponse.lambda$getResponseFunction$0(HandshakeResponse.java:30)&#xa;	at org.openqa.selenium.remote.ProtocolHandshake.lambda$createSession$0(ProtocolHandshake.java:126)&#xa;	at org.openqa.selenium.remote.ProtocolHandshake.createSession(ProtocolHandshake.java:128)&#xa;	at org.openqa.selenium.remote.ProtocolHandshake.createSession(ProtocolHandshake.java:74)&#xa;	at org.openqa.selenium.remote.HttpCommandExecutor.execute(HttpCommandExecutor.java:136)&#xa;	at org.openqa.selenium.remote.service.DriverCommandExecutor.execute(DriverCommandExecutor.java:83)&#xa;	at org.openqa.selenium.remote.RemoteWebDriver.execute(RemoteWebDriver.java:552)&#xa;	at com.kms.katalon.selenium.driver.CEdgeDriver.execute(CEdgeDriver.java:20)&#xa;	at org.openqa.selenium.remote.RemoteWebDriver.startSession(RemoteWebDriver.java:213)&#xa;	at org.openqa.selenium.remote.RemoteWebDriver.&lt;init>(RemoteWebDriver.java:131)&#xa;	at org.openqa.selenium.edge.EdgeDriver.&lt;init>(EdgeDriver.java:154)&#xa;	at com.kms.katalon.selenium.driver.CEdgeDriver.&lt;init>(CEdgeDriver.java:14)&#xa;	at com.kms.katalon.core.webui.driver.DriverFactory.createNewEdgeChromiumDriver(DriverFactory.java:692)&#xa;	at com.kms.katalon.core.webui.driver.DriverFactory.startNewBrowser(DriverFactory.java:397)&#xa;	at com.kms.katalon.core.webui.driver.DriverFactory.openWebDriver(DriverFactory.java:271)&#xa;	at com.kms.katalon.core.webui.keyword.builtin.OpenBrowserKeyword$_openBrowser_closure1.doCall(OpenBrowserKeyword.groovy:74)&#xa;	at com.kms.katalon.core.webui.keyword.builtin.OpenBrowserKeyword$_openBrowser_closure1.call(OpenBrowserKeyword.groovy)&#xa;	at com.kms.katalon.core.webui.keyword.internal.WebUIKeywordMain.runKeyword(WebUIKeywordMain.groovy:20)&#xa;	... 24 more&#xa;"/>
         <system-out><![CDATA[01-08-2024T17:44:03 - [TEST_CASE][FAILED] - Test Cases/TC-01-Katalonhealthcare/HealthCare-Apply: Test Cases/TC-01-Katalonhealthcare/HealthCare-Apply FAILED.
Reason:
com.kms.katalon.core.exception.StepFailedException: Unable to open browser with url: ''
	at com.kms.katalon.core.webui.keyword.internal.WebUIKeywordMain.stepFailed(WebUIKeywordMain.groovy:64)
	at com.kms.katalon.core.webui.keyword.internal.WebUIKeywordMain.runKeyword(WebUIKeywordMain.groovy:26)
	at com.kms.katalon.core.webui.keyword.builtin.OpenBrowserKeyword.openBrowser(OpenBrowserKeyword.groovy:81)
	at com.kms.katalon.core.webui.keyword.builtin.OpenBrowserKeyword.execute(OpenBrowserKeyword.groovy:67)
	at com.kms.katalon.core.keyword.internal.KeywordExecutor.executeKeywordForPlatform(KeywordExecutor.groovy:74)
	at com.kms.katalon.core.webui.keyword.WebUiBuiltInKeywords.openBrowser(WebUiBuiltInKeywords.groovy:64)
	at customKeywords.myCustomKeywords.login(myCustomKeywords.groovy:46)
	at HealthCare-Apply.run(HealthCare-Apply:21)
	at com.kms.katalon.core.main.ScriptEngine.run(ScriptEngine.java:194)
	at com.kms.katalon.core.main.ScriptEngine.runScriptAsRawText(ScriptEngine.java:119)
	at com.kms.katalon.core.main.TestCaseExecutor.runScript(TestCaseExecutor.java:448)
	at com.kms.katalon.core.main.TestCaseExecutor.doExecute(TestCaseExecutor.java:439)
	at com.kms.katalon.core.main.TestCaseExecutor.processExecutionPhase(TestCaseExecutor.java:418)
	at com.kms.katalon.core.main.TestCaseExecutor.accessMainPhase(TestCaseExecutor.java:410)
	at com.kms.katalon.core.main.TestCaseExecutor.execute(TestCaseExecutor.java:285)
	at com.kms.katalon.core.main.TestCaseExecutor.execute(TestCaseExecutor.java:369)
	at com.kms.katalon.core.main.TestCaseExecutor.execute(TestCaseExecutor.java:369)
	at com.kms.katalon.core.main.TestCaseExecutor.execute(TestCaseExecutor.java:369)
	at com.kms.katalon.core.common.CommonExecutor.accessTestCaseMainPhase(CommonExecutor.java:65)
	at com.kms.katalon.core.main.TestSuiteExecutor.accessTestSuiteMainPhase(TestSuiteExecutor.java:150)
	at com.kms.katalon.core.main.TestSuiteExecutor.execute(TestSuiteExecutor.java:106)
	at com.kms.katalon.core.main.TestCaseMain.startTestSuite(TestCaseMain.java:180)
	at TempTestSuite1722514347942.run(TempTestSuite1722514347942.groovy:35)
	at java.base/jdk.internal.reflect.NativeMethodAccessorImpl.invoke0(Native Method)
	at java.base/jdk.internal.reflect.NativeMethodAccessorImpl.invoke(NativeMethodAccessorImpl.java:77)
	at java.base/jdk.internal.reflect.DelegatingMethodAccessorImpl.invoke(DelegatingMethodAccessorImpl.java:43)
Caused by: org.openqa.selenium.SessionNotCreatedException: session not created: This version of Microsoft Edge WebDriver only supports Microsoft Edge version 125
Current browser version is 127.0.2651.74 with binary path C:\Program Files (x86)\Microsoft\Edge\Application\msedge.exe
Build info: version: '3.141.59', revision: 'unknown', time: 'unknown'
System info: host: '7Z54S93', ip: '192.168.1.9', os.name: 'Windows 11', os.arch: 'amd64', os.version: '10.0', java.version: '17.0.7'
Driver info: driver.version: CEdgeDriver
remote stacktrace: 	GetHandleVerifier [0x00007FF6CF685FF2+61250]
	Microsoft::Applications::Events::ILogConfiguration::operator* [0x00007FF6CF610649+207017]
	(No symbol) [0x00007FF6CF41E3C7]
	(No symbol) [0x00007FF6CF45676F]
	(No symbol) [0x00007FF6CF455C28]
	(No symbol) [0x00007FF6CF4502B0]
	(No symbol) [0x00007FF6CF44CD37]
	(No symbol) [0x00007FF6CF48E92C]
	(No symbol) [0x00007FF6CF4844B3]
	(No symbol) [0x00007FF6CF459F1E]
	(No symbol) [0x00007FF6CF4590DC]
	(No symbol) [0x00007FF6CF459AD1]
	Microsoft::Applications::Events::EventProperty::to_string [0x00007FF6CF83E184+1072532]
	(No symbol) [0x00007FF6CF4D2CEC]
	Microsoft::Applications::Events::EventProperty::~EventProperty [0x00007FF6CF57EEAC+51468]
	Microsoft::Applications::Events::EventProperty::~EventProperty [0x00007FF6CF573765+4549]
	Microsoft::Applications::Events::EventProperty::to_string [0x00007FF6CF83D145+1068373]
	Microsoft::Applications::Events::ILogConfiguration::operator* [0x00007FF6CF61A051+246449]
	Microsoft::Applications::Events::ILogConfiguration::operator* [0x00007FF6CF6153B4+226836]
	Microsoft::Applications::Events::ILogConfiguration::operator* [0x00007FF6CF6154EB+227147]
	Microsoft::Applications::Events::ILogConfiguration::operator* [0x00007FF6CF60BCE0+188224]
	BaseThreadInitThunk [0x00007FFEAF19257D+29]
	RtlUserThreadStart [0x00007FFEAF82AF28+40]

	at java.base/jdk.internal.reflect.NativeConstructorAccessorImpl.newInstance0(Native Method)
	at java.base/jdk.internal.reflect.NativeConstructorAccessorImpl.newInstance(NativeConstructorAccessorImpl.java:77)
	at java.base/jdk.internal.reflect.DelegatingConstructorAccessorImpl.newInstance(DelegatingConstructorAccessorImpl.java:45)
	at org.openqa.selenium.remote.W3CHandshakeResponse.lambda$errorHandler$0(W3CHandshakeResponse.java:62)
	at org.openqa.selenium.remote.HandshakeResponse.lambda$getResponseFunction$0(HandshakeResponse.java:30)
	at org.openqa.selenium.remote.ProtocolHandshake.lambda$createSession$0(ProtocolHandshake.java:126)
	at org.openqa.selenium.remote.ProtocolHandshake.createSession(ProtocolHandshake.java:128)
	at org.openqa.selenium.remote.ProtocolHandshake.createSession(ProtocolHandshake.java:74)
	at org.openqa.selenium.remote.HttpCommandExecutor.execute(HttpCommandExecutor.java:136)
	at org.openqa.selenium.remote.service.DriverCommandExecutor.execute(DriverCommandExecutor.java:83)
	at org.openqa.selenium.remote.RemoteWebDriver.execute(RemoteWebDriver.java:552)
	at com.kms.katalon.selenium.driver.CEdgeDriver.execute(CEdgeDriver.java:20)
	at org.openqa.selenium.remote.RemoteWebDriver.startSession(RemoteWebDriver.java:213)
	at org.openqa.selenium.remote.RemoteWebDriver.<init>(RemoteWebDriver.java:131)
	at org.openqa.selenium.edge.EdgeDriver.<init>(EdgeDriver.java:154)
	at com.kms.katalon.selenium.driver.CEdgeDriver.<init>(CEdgeDriver.java:14)
	at com.kms.katalon.core.webui.driver.DriverFactory.createNewEdgeChromiumDriver(DriverFactory.java:692)
	at com.kms.katalon.core.webui.driver.DriverFactory.startNewBrowser(DriverFactory.java:397)
	at com.kms.katalon.core.webui.driver.DriverFactory.openWebDriver(DriverFactory.java:271)
	at com.kms.katalon.core.webui.keyword.builtin.OpenBrowserKeyword$_openBrowser_closure1.doCall(OpenBrowserKeyword.groovy:74)
	at com.kms.katalon.core.webui.keyword.builtin.OpenBrowserKeyword$_openBrowser_closure1.call(OpenBrowserKeyword.groovy)
	at com.kms.katalon.core.webui.keyword.internal.WebUIKeywordMain.runKeyword(WebUIKeywordMain.groovy:20)
	... 24 more


01-08-2024T17:44:03 - [TEST_STEP][FAILED] - myCustomKeywords.login(url): Unable to open browser with url: '' (Root cause: com.kms.katalon.core.exception.StepFailedException: Unable to open browser with url: ''
	at com.kms.katalon.core.webui.keyword.internal.WebUIKeywordMain.stepFailed(WebUIKeywordMain.groovy:64)
	at com.kms.katalon.core.webui.keyword.internal.WebUIKeywordMain.runKeyword(WebUIKeywordMain.groovy:26)
	at com.kms.katalon.core.webui.keyword.builtin.OpenBrowserKeyword.openBrowser(OpenBrowserKeyword.groovy:81)
	at com.kms.katalon.core.webui.keyword.builtin.OpenBrowserKeyword.execute(OpenBrowserKeyword.groovy:67)
	at com.kms.katalon.core.keyword.internal.KeywordExecutor.executeKeywordForPlatform(KeywordExecutor.groovy:74)
	at com.kms.katalon.core.webui.keyword.WebUiBuiltInKeywords.openBrowser(WebUiBuiltInKeywords.groovy:64)
	at customKeywords.myCustomKeywords.login(myCustomKeywords.groovy:46)
	at HealthCare-Apply.run(HealthCare-Apply:21)
	at com.kms.katalon.core.main.ScriptEngine.run(ScriptEngine.java:194)
	at com.kms.katalon.core.main.ScriptEngine.runScriptAsRawText(ScriptEngine.java:119)
	at com.kms.katalon.core.main.TestCaseExecutor.runScript(TestCaseExecutor.java:448)
	at com.kms.katalon.core.main.TestCaseExecutor.doExecute(TestCaseExecutor.java:439)
	at com.kms.katalon.core.main.TestCaseExecutor.processExecutionPhase(TestCaseExecutor.java:418)
	at com.kms.katalon.core.main.TestCaseExecutor.accessMainPhase(TestCaseExecutor.java:410)
	at com.kms.katalon.core.main.TestCaseExecutor.execute(TestCaseExecutor.java:285)
	at com.kms.katalon.core.main.TestCaseExecutor.execute(TestCaseExecutor.java:369)
	at com.kms.katalon.core.main.TestCaseExecutor.execute(TestCaseExecutor.java:369)
	at com.kms.katalon.core.main.TestCaseExecutor.execute(TestCaseExecutor.java:369)
	at com.kms.katalon.core.common.CommonExecutor.accessTestCaseMainPhase(CommonExecutor.java:65)
	at com.kms.katalon.core.main.TestSuiteExecutor.accessTestSuiteMainPhase(TestSuiteExecutor.java:150)
	at com.kms.katalon.core.main.TestSuiteExecutor.execute(TestSuiteExecutor.java:106)
	at com.kms.katalon.core.main.TestCaseMain.startTestSuite(TestCaseMain.java:180)
	at TempTestSuite1722514347942.run(TempTestSuite1722514347942.groovy:35)
	at java.base/jdk.internal.reflect.NativeMethodAccessorImpl.invoke0(Native Method)
	at java.base/jdk.internal.reflect.NativeMethodAccessorImpl.invoke(NativeMethodAccessorImpl.java:77)
	at java.base/jdk.internal.reflect.DelegatingMethodAccessorImpl.invoke(DelegatingMethodAccessorImpl.java:43)
Caused by: org.openqa.selenium.SessionNotCreatedException: session not created: This version of Microsoft Edge WebDriver only supports Microsoft Edge version 125
Current browser version is 127.0.2651.74 with binary path C:\Program Files (x86)\Microsoft\Edge\Application\msedge.exe
Build info: version: '3.141.59', revision: 'unknown', time: 'unknown'
System info: host: '7Z54S93', ip: '192.168.1.9', os.name: 'Windows 11', os.arch: 'amd64', os.version: '10.0', java.version: '17.0.7'
Driver info: driver.version: CEdgeDriver
remote stacktrace: 	GetHandleVerifier [0x00007FF6CF685FF2+61250]
	Microsoft::Applications::Events::ILogConfiguration::operator* [0x00007FF6CF610649+207017]
	(No symbol) [0x00007FF6CF41E3C7]
	(No symbol) [0x00007FF6CF45676F]
	(No symbol) [0x00007FF6CF455C28]
	(No symbol) [0x00007FF6CF4502B0]
	(No symbol) [0x00007FF6CF44CD37]
	(No symbol) [0x00007FF6CF48E92C]
	(No symbol) [0x00007FF6CF4844B3]
	(No symbol) [0x00007FF6CF459F1E]
	(No symbol) [0x00007FF6CF4590DC]
	(No symbol) [0x00007FF6CF459AD1]
	Microsoft::Applications::Events::EventProperty::to_string [0x00007FF6CF83E184+1072532]
	(No symbol) [0x00007FF6CF4D2CEC]
	Microsoft::Applications::Events::EventProperty::~EventProperty [0x00007FF6CF57EEAC+51468]
	Microsoft::Applications::Events::EventProperty::~EventProperty [0x00007FF6CF573765+4549]
	Microsoft::Applications::Events::EventProperty::to_string [0x00007FF6CF83D145+1068373]
	Microsoft::Applications::Events::ILogConfiguration::operator* [0x00007FF6CF61A051+246449]
	Microsoft::Applications::Events::ILogConfiguration::operator* [0x00007FF6CF6153B4+226836]
	Microsoft::Applications::Events::ILogConfiguration::operator* [0x00007FF6CF6154EB+227147]
	Microsoft::Applications::Events::ILogConfiguration::operator* [0x00007FF6CF60BCE0+188224]
	BaseThreadInitThunk [0x00007FFEAF19257D+29]
	RtlUserThreadStart [0x00007FFEAF82AF28+40]

	at java.base/jdk.internal.reflect.NativeConstructorAccessorImpl.newInstance0(Native Method)
	at java.base/jdk.internal.reflect.NativeConstructorAccessorImpl.newInstance(NativeConstructorAccessorImpl.java:77)
	at java.base/jdk.internal.reflect.DelegatingConstructorAccessorImpl.newInstance(DelegatingConstructorAccessorImpl.java:45)
	at org.openqa.selenium.remote.W3CHandshakeResponse.lambda$errorHandler$0(W3CHandshakeResponse.java:62)
	at org.openqa.selenium.remote.HandshakeResponse.lambda$getResponseFunction$0(HandshakeResponse.java:30)
	at org.openqa.selenium.remote.ProtocolHandshake.lambda$createSession$0(ProtocolHandshake.java:126)
	at org.openqa.selenium.remote.ProtocolHandshake.createSession(ProtocolHandshake.java:128)
	at org.openqa.selenium.remote.ProtocolHandshake.createSession(ProtocolHandshake.java:74)
	at org.openqa.selenium.remote.HttpCommandExecutor.execute(HttpCommandExecutor.java:136)
	at org.openqa.selenium.remote.service.DriverCommandExecutor.execute(DriverCommandExecutor.java:83)
	at org.openqa.selenium.remote.RemoteWebDriver.execute(RemoteWebDriver.java:552)
	at com.kms.katalon.selenium.driver.CEdgeDriver.execute(CEdgeDriver.java:20)
	at org.openqa.selenium.remote.RemoteWebDriver.startSession(RemoteWebDriver.java:213)
	at org.openqa.selenium.remote.RemoteWebDriver.<init>(RemoteWebDriver.java:131)
	at org.openqa.selenium.edge.EdgeDriver.<init>(EdgeDriver.java:154)
	at com.kms.katalon.selenium.driver.CEdgeDriver.<init>(CEdgeDriver.java:14)
	at com.kms.katalon.core.webui.driver.DriverFactory.createNewEdgeChromiumDriver(DriverFactory.java:692)
	at com.kms.katalon.core.webui.driver.DriverFactory.startNewBrowser(DriverFactory.java:397)
	at com.kms.katalon.core.webui.driver.DriverFactory.openWebDriver(DriverFactory.java:271)
	at com.kms.katalon.core.webui.keyword.builtin.OpenBrowserKeyword$_openBrowser_closure1.doCall(OpenBrowserKeyword.groovy:74)
	at com.kms.katalon.core.webui.keyword.builtin.OpenBrowserKeyword$_openBrowser_closure1.call(OpenBrowserKeyword.groovy)
	at com.kms.katalon.core.webui.keyword.internal.WebUIKeywordMain.runKeyword(WebUIKeywordMain.groovy:20)
	at com.kms.katalon.core.webui.keyword.builtin.OpenBrowserKeyword.openBrowser(OpenBrowserKeyword.groovy:81)
	at com.kms.katalon.core.webui.keyword.builtin.OpenBrowserKeyword.execute(OpenBrowserKeyword.groovy:67)
	at com.kms.katalon.core.keyword.internal.KeywordExecutor.executeKeywordForPlatform(KeywordExecutor.groovy:74)
	at com.kms.katalon.core.webui.keyword.WebUiBuiltInKeywords.openBrowser(WebUiBuiltInKeywords.groovy:64)
	at customKeywords.myCustomKeywords.login(myCustomKeywords.groovy:46)
	at Script1722492316425.run(Script1722492316425.groovy:21)
	... 18 more
)

01-08-2024T17:44:03 - [MESSAGE][INFO] - Starting 'Edge Chromium' driver

01-08-2024T17:44:03 - [MESSAGE][INFO] - Action delay is set to 0 milliseconds

01-08-2024T17:44:04 - [MESSAGE][FAILED] - Unable to open browser with url: '' (Root cause: com.kms.katalon.core.exception.StepFailedException: Unable to open browser with url: ''
	at com.kms.katalon.core.webui.keyword.internal.WebUIKeywordMain.stepFailed(WebUIKeywordMain.groovy:64)
	at com.kms.katalon.core.webui.keyword.internal.WebUIKeywordMain.runKeyword(WebUIKeywordMain.groovy:26)
	at com.kms.katalon.core.webui.keyword.builtin.OpenBrowserKeyword.openBrowser(OpenBrowserKeyword.groovy:81)
	at com.kms.katalon.core.webui.keyword.builtin.OpenBrowserKeyword.execute(OpenBrowserKeyword.groovy:67)
	at com.kms.katalon.core.keyword.internal.KeywordExecutor.executeKeywordForPlatform(KeywordExecutor.groovy:74)
	at com.kms.katalon.core.webui.keyword.WebUiBuiltInKeywords.openBrowser(WebUiBuiltInKeywords.groovy:64)
	at customKeywords.myCustomKeywords.login(myCustomKeywords.groovy:46)
	at HealthCare-Apply.run(HealthCare-Apply:21)
	at com.kms.katalon.core.main.ScriptEngine.run(ScriptEngine.java:194)
	at com.kms.katalon.core.main.ScriptEngine.runScriptAsRawText(ScriptEngine.java:119)
	at com.kms.katalon.core.main.TestCaseExecutor.runScript(TestCaseExecutor.java:448)
	at com.kms.katalon.core.main.TestCaseExecutor.doExecute(TestCaseExecutor.java:439)
	at com.kms.katalon.core.main.TestCaseExecutor.processExecutionPhase(TestCaseExecutor.java:418)
	at com.kms.katalon.core.main.TestCaseExecutor.accessMainPhase(TestCaseExecutor.java:410)
	at com.kms.katalon.core.main.TestCaseExecutor.execute(TestCaseExecutor.java:285)
	at com.kms.katalon.core.main.TestCaseExecutor.execute(TestCaseExecutor.java:369)
	at com.kms.katalon.core.main.TestCaseExecutor.execute(TestCaseExecutor.java:369)
	at com.kms.katalon.core.main.TestCaseExecutor.execute(TestCaseExecutor.java:369)
	at com.kms.katalon.core.common.CommonExecutor.accessTestCaseMainPhase(CommonExecutor.java:65)
	at com.kms.katalon.core.main.TestSuiteExecutor.accessTestSuiteMainPhase(TestSuiteExecutor.java:150)
	at com.kms.katalon.core.main.TestSuiteExecutor.execute(TestSuiteExecutor.java:106)
	at com.kms.katalon.core.main.TestCaseMain.startTestSuite(TestCaseMain.java:180)
	at TempTestSuite1722514347942.run(TempTestSuite1722514347942.groovy:35)
	at java.base/jdk.internal.reflect.NativeMethodAccessorImpl.invoke0(Native Method)
	at java.base/jdk.internal.reflect.NativeMethodAccessorImpl.invoke(NativeMethodAccessorImpl.java:77)
	at java.base/jdk.internal.reflect.DelegatingMethodAccessorImpl.invoke(DelegatingMethodAccessorImpl.java:43)
Caused by: org.openqa.selenium.SessionNotCreatedException: session not created: This version of Microsoft Edge WebDriver only supports Microsoft Edge version 125
Current browser version is 127.0.2651.74 with binary path C:\Program Files (x86)\Microsoft\Edge\Application\msedge.exe
Build info: version: '3.141.59', revision: 'unknown', time: 'unknown'
System info: host: '7Z54S93', ip: '192.168.1.9', os.name: 'Windows 11', os.arch: 'amd64', os.version: '10.0', java.version: '17.0.7'
Driver info: driver.version: CEdgeDriver
remote stacktrace: 	GetHandleVerifier [0x00007FF6CF685FF2+61250]
	Microsoft::Applications::Events::ILogConfiguration::operator* [0x00007FF6CF610649+207017]
	(No symbol) [0x00007FF6CF41E3C7]
	(No symbol) [0x00007FF6CF45676F]
	(No symbol) [0x00007FF6CF455C28]
	(No symbol) [0x00007FF6CF4502B0]
	(No symbol) [0x00007FF6CF44CD37]
	(No symbol) [0x00007FF6CF48E92C]
	(No symbol) [0x00007FF6CF4844B3]
	(No symbol) [0x00007FF6CF459F1E]
	(No symbol) [0x00007FF6CF4590DC]
	(No symbol) [0x00007FF6CF459AD1]
	Microsoft::Applications::Events::EventProperty::to_string [0x00007FF6CF83E184+1072532]
	(No symbol) [0x00007FF6CF4D2CEC]
	Microsoft::Applications::Events::EventProperty::~EventProperty [0x00007FF6CF57EEAC+51468]
	Microsoft::Applications::Events::EventProperty::~EventProperty [0x00007FF6CF573765+4549]
	Microsoft::Applications::Events::EventProperty::to_string [0x00007FF6CF83D145+1068373]
	Microsoft::Applications::Events::ILogConfiguration::operator* [0x00007FF6CF61A051+246449]
	Microsoft::Applications::Events::ILogConfiguration::operator* [0x00007FF6CF6153B4+226836]
	Microsoft::Applications::Events::ILogConfiguration::operator* [0x00007FF6CF6154EB+227147]
	Microsoft::Applications::Events::ILogConfiguration::operator* [0x00007FF6CF60BCE0+188224]
	BaseThreadInitThunk [0x00007FFEAF19257D+29]
	RtlUserThreadStart [0x00007FFEAF82AF28+40]

	at java.base/jdk.internal.reflect.NativeConstructorAccessorImpl.newInstance0(Native Method)
	at java.base/jdk.internal.reflect.NativeConstructorAccessorImpl.newInstance(NativeConstructorAccessorImpl.java:77)
	at java.base/jdk.internal.reflect.DelegatingConstructorAccessorImpl.newInstance(DelegatingConstructorAccessorImpl.java:45)
	at org.openqa.selenium.remote.W3CHandshakeResponse.lambda$errorHandler$0(W3CHandshakeResponse.java:62)
	at org.openqa.selenium.remote.HandshakeResponse.lambda$getResponseFunction$0(HandshakeResponse.java:30)
	at org.openqa.selenium.remote.ProtocolHandshake.lambda$createSession$0(ProtocolHandshake.java:126)
	at org.openqa.selenium.remote.ProtocolHandshake.createSession(ProtocolHandshake.java:128)
	at org.openqa.selenium.remote.ProtocolHandshake.createSession(ProtocolHandshake.java:74)
	at org.openqa.selenium.remote.HttpCommandExecutor.execute(HttpCommandExecutor.java:136)
	at org.openqa.selenium.remote.service.DriverCommandExecutor.execute(DriverCommandExecutor.java:83)
	at org.openqa.selenium.remote.RemoteWebDriver.execute(RemoteWebDriver.java:552)
	at com.kms.katalon.selenium.driver.CEdgeDriver.execute(CEdgeDriver.java:20)
	at org.openqa.selenium.remote.RemoteWebDriver.startSession(RemoteWebDriver.java:213)
	at org.openqa.selenium.remote.RemoteWebDriver.<init>(RemoteWebDriver.java:131)
	at org.openqa.selenium.edge.EdgeDriver.<init>(EdgeDriver.java:154)
	at com.kms.katalon.selenium.driver.CEdgeDriver.<init>(CEdgeDriver.java:14)
	at com.kms.katalon.core.webui.driver.DriverFactory.createNewEdgeChromiumDriver(DriverFactory.java:692)
	at com.kms.katalon.core.webui.driver.DriverFactory.startNewBrowser(DriverFactory.java:397)
	at com.kms.katalon.core.webui.driver.DriverFactory.openWebDriver(DriverFactory.java:271)
	at com.kms.katalon.core.webui.keyword.builtin.OpenBrowserKeyword$_openBrowser_closure1.doCall(OpenBrowserKeyword.groovy:74)
	at com.kms.katalon.core.webui.keyword.builtin.OpenBrowserKeyword$_openBrowser_closure1.call(OpenBrowserKeyword.groovy)
	at com.kms.katalon.core.webui.keyword.internal.WebUIKeywordMain.runKeyword(WebUIKeywordMain.groovy:20)
	at com.kms.katalon.core.webui.keyword.builtin.OpenBrowserKeyword.openBrowser(OpenBrowserKeyword.groovy:81)
	at com.kms.katalon.core.webui.keyword.builtin.OpenBrowserKeyword.execute(OpenBrowserKeyword.groovy:67)
	at com.kms.katalon.core.keyword.internal.KeywordExecutor.executeKeywordForPlatform(KeywordExecutor.groovy:74)
	at com.kms.katalon.core.webui.keyword.WebUiBuiltInKeywords.openBrowser(WebUiBuiltInKeywords.groovy:64)
	at customKeywords.myCustomKeywords.login(myCustomKeywords.groovy:46)
	at Script1722492316425.run(Script1722492316425.groovy:21)
	... 18 more
)]]></system-out>
         <system-err><![CDATA[01-08-2024T17:44:03 - [TEST_CASE][FAILED] - Test Cases/TC-01-Katalonhealthcare/HealthCare-Apply: Test Cases/TC-01-Katalonhealthcare/HealthCare-Apply FAILED.
Reason:
com.kms.katalon.core.exception.StepFailedException: Unable to open browser with url: ''
	at com.kms.katalon.core.webui.keyword.internal.WebUIKeywordMain.stepFailed(WebUIKeywordMain.groovy:64)
	at com.kms.katalon.core.webui.keyword.internal.WebUIKeywordMain.runKeyword(WebUIKeywordMain.groovy:26)
	at com.kms.katalon.core.webui.keyword.builtin.OpenBrowserKeyword.openBrowser(OpenBrowserKeyword.groovy:81)
	at com.kms.katalon.core.webui.keyword.builtin.OpenBrowserKeyword.execute(OpenBrowserKeyword.groovy:67)
	at com.kms.katalon.core.keyword.internal.KeywordExecutor.executeKeywordForPlatform(KeywordExecutor.groovy:74)
	at com.kms.katalon.core.webui.keyword.WebUiBuiltInKeywords.openBrowser(WebUiBuiltInKeywords.groovy:64)
	at customKeywords.myCustomKeywords.login(myCustomKeywords.groovy:46)
	at HealthCare-Apply.run(HealthCare-Apply:21)
	at com.kms.katalon.core.main.ScriptEngine.run(ScriptEngine.java:194)
	at com.kms.katalon.core.main.ScriptEngine.runScriptAsRawText(ScriptEngine.java:119)
	at com.kms.katalon.core.main.TestCaseExecutor.runScript(TestCaseExecutor.java:448)
	at com.kms.katalon.core.main.TestCaseExecutor.doExecute(TestCaseExecutor.java:439)
	at com.kms.katalon.core.main.TestCaseExecutor.processExecutionPhase(TestCaseExecutor.java:418)
	at com.kms.katalon.core.main.TestCaseExecutor.accessMainPhase(TestCaseExecutor.java:410)
	at com.kms.katalon.core.main.TestCaseExecutor.execute(TestCaseExecutor.java:285)
	at com.kms.katalon.core.main.TestCaseExecutor.execute(TestCaseExecutor.java:369)
	at com.kms.katalon.core.main.TestCaseExecutor.execute(TestCaseExecutor.java:369)
	at com.kms.katalon.core.main.TestCaseExecutor.execute(TestCaseExecutor.java:369)
	at com.kms.katalon.core.common.CommonExecutor.accessTestCaseMainPhase(CommonExecutor.java:65)
	at com.kms.katalon.core.main.TestSuiteExecutor.accessTestSuiteMainPhase(TestSuiteExecutor.java:150)
	at com.kms.katalon.core.main.TestSuiteExecutor.execute(TestSuiteExecutor.java:106)
	at com.kms.katalon.core.main.TestCaseMain.startTestSuite(TestCaseMain.java:180)
	at TempTestSuite1722514347942.run(TempTestSuite1722514347942.groovy:35)
	at java.base/jdk.internal.reflect.NativeMethodAccessorImpl.invoke0(Native Method)
	at java.base/jdk.internal.reflect.NativeMethodAccessorImpl.invoke(NativeMethodAccessorImpl.java:77)
	at java.base/jdk.internal.reflect.DelegatingMethodAccessorImpl.invoke(DelegatingMethodAccessorImpl.java:43)
Caused by: org.openqa.selenium.SessionNotCreatedException: session not created: This version of Microsoft Edge WebDriver only supports Microsoft Edge version 125
Current browser version is 127.0.2651.74 with binary path C:\Program Files (x86)\Microsoft\Edge\Application\msedge.exe
Build info: version: '3.141.59', revision: 'unknown', time: 'unknown'
System info: host: '7Z54S93', ip: '192.168.1.9', os.name: 'Windows 11', os.arch: 'amd64', os.version: '10.0', java.version: '17.0.7'
Driver info: driver.version: CEdgeDriver
remote stacktrace: 	GetHandleVerifier [0x00007FF6CF685FF2+61250]
	Microsoft::Applications::Events::ILogConfiguration::operator* [0x00007FF6CF610649+207017]
	(No symbol) [0x00007FF6CF41E3C7]
	(No symbol) [0x00007FF6CF45676F]
	(No symbol) [0x00007FF6CF455C28]
	(No symbol) [0x00007FF6CF4502B0]
	(No symbol) [0x00007FF6CF44CD37]
	(No symbol) [0x00007FF6CF48E92C]
	(No symbol) [0x00007FF6CF4844B3]
	(No symbol) [0x00007FF6CF459F1E]
	(No symbol) [0x00007FF6CF4590DC]
	(No symbol) [0x00007FF6CF459AD1]
	Microsoft::Applications::Events::EventProperty::to_string [0x00007FF6CF83E184+1072532]
	(No symbol) [0x00007FF6CF4D2CEC]
	Microsoft::Applications::Events::EventProperty::~EventProperty [0x00007FF6CF57EEAC+51468]
	Microsoft::Applications::Events::EventProperty::~EventProperty [0x00007FF6CF573765+4549]
	Microsoft::Applications::Events::EventProperty::to_string [0x00007FF6CF83D145+1068373]
	Microsoft::Applications::Events::ILogConfiguration::operator* [0x00007FF6CF61A051+246449]
	Microsoft::Applications::Events::ILogConfiguration::operator* [0x00007FF6CF6153B4+226836]
	Microsoft::Applications::Events::ILogConfiguration::operator* [0x00007FF6CF6154EB+227147]
	Microsoft::Applications::Events::ILogConfiguration::operator* [0x00007FF6CF60BCE0+188224]
	BaseThreadInitThunk [0x00007FFEAF19257D+29]
	RtlUserThreadStart [0x00007FFEAF82AF28+40]

	at java.base/jdk.internal.reflect.NativeConstructorAccessorImpl.newInstance0(Native Method)
	at java.base/jdk.internal.reflect.NativeConstructorAccessorImpl.newInstance(NativeConstructorAccessorImpl.java:77)
	at java.base/jdk.internal.reflect.DelegatingConstructorAccessorImpl.newInstance(DelegatingConstructorAccessorImpl.java:45)
	at org.openqa.selenium.remote.W3CHandshakeResponse.lambda$errorHandler$0(W3CHandshakeResponse.java:62)
	at org.openqa.selenium.remote.HandshakeResponse.lambda$getResponseFunction$0(HandshakeResponse.java:30)
	at org.openqa.selenium.remote.ProtocolHandshake.lambda$createSession$0(ProtocolHandshake.java:126)
	at org.openqa.selenium.remote.ProtocolHandshake.createSession(ProtocolHandshake.java:128)
	at org.openqa.selenium.remote.ProtocolHandshake.createSession(ProtocolHandshake.java:74)
	at org.openqa.selenium.remote.HttpCommandExecutor.execute(HttpCommandExecutor.java:136)
	at org.openqa.selenium.remote.service.DriverCommandExecutor.execute(DriverCommandExecutor.java:83)
	at org.openqa.selenium.remote.RemoteWebDriver.execute(RemoteWebDriver.java:552)
	at com.kms.katalon.selenium.driver.CEdgeDriver.execute(CEdgeDriver.java:20)
	at org.openqa.selenium.remote.RemoteWebDriver.startSession(RemoteWebDriver.java:213)
	at org.openqa.selenium.remote.RemoteWebDriver.<init>(RemoteWebDriver.java:131)
	at org.openqa.selenium.edge.EdgeDriver.<init>(EdgeDriver.java:154)
	at com.kms.katalon.selenium.driver.CEdgeDriver.<init>(CEdgeDriver.java:14)
	at com.kms.katalon.core.webui.driver.DriverFactory.createNewEdgeChromiumDriver(DriverFactory.java:692)
	at com.kms.katalon.core.webui.driver.DriverFactory.startNewBrowser(DriverFactory.java:397)
	at com.kms.katalon.core.webui.driver.DriverFactory.openWebDriver(DriverFactory.java:271)
	at com.kms.katalon.core.webui.keyword.builtin.OpenBrowserKeyword$_openBrowser_closure1.doCall(OpenBrowserKeyword.groovy:74)
	at com.kms.katalon.core.webui.keyword.builtin.OpenBrowserKeyword$_openBrowser_closure1.call(OpenBrowserKeyword.groovy)
	at com.kms.katalon.core.webui.keyword.internal.WebUIKeywordMain.runKeyword(WebUIKeywordMain.groovy:20)
	... 24 more]]></system-err>
      </testcase>
      <system-out><![CDATA[01-08-2024T17:43:53 - [TEST_SUITE][FAILED] - TS-3-HealthCare: Test Cases/TC-01-Katalonhealthcare/HealthCare-Katalon FAILED.
Reason:
com.kms.katalon.core.exception.StepFailedException: Unable to open browser with url: ''
	at com.kms.katalon.core.webui.keyword.internal.WebUIKeywordMain.stepFailed(WebUIKeywordMain.groovy:64)
	at com.kms.katalon.core.webui.keyword.internal.WebUIKeywordMain.runKeyword(WebUIKeywordMain.groovy:26)
	at com.kms.katalon.core.webui.keyword.builtin.OpenBrowserKeyword.openBrowser(OpenBrowserKeyword.groovy:81)
	at com.kms.katalon.core.webui.keyword.builtin.OpenBrowserKeyword.execute(OpenBrowserKeyword.groovy:67)
	at com.kms.katalon.core.keyword.internal.KeywordExecutor.executeKeywordForPlatform(KeywordExecutor.groovy:74)
	at com.kms.katalon.core.webui.keyword.WebUiBuiltInKeywords.openBrowser(WebUiBuiltInKeywords.groovy:64)
	at HealthCare-Katalon.run(HealthCare-Katalon:20)
	at com.kms.katalon.core.main.ScriptEngine.run(ScriptEngine.java:194)
	at com.kms.katalon.core.main.ScriptEngine.runScriptAsRawText(ScriptEngine.java:119)
	at com.kms.katalon.core.main.TestCaseExecutor.runScript(TestCaseExecutor.java:448)
	at com.kms.katalon.core.main.TestCaseExecutor.doExecute(TestCaseExecutor.java:439)
	at com.kms.katalon.core.main.TestCaseExecutor.processExecutionPhase(TestCaseExecutor.java:418)
	at com.kms.katalon.core.main.TestCaseExecutor.accessMainPhase(TestCaseExecutor.java:410)
	at com.kms.katalon.core.main.TestCaseExecutor.execute(TestCaseExecutor.java:285)
	at com.kms.katalon.core.common.CommonExecutor.accessTestCaseMainPhase(CommonExecutor.java:65)
	at com.kms.katalon.core.main.TestSuiteExecutor.accessTestSuiteMainPhase(TestSuiteExecutor.java:150)
	at com.kms.katalon.core.main.TestSuiteExecutor.execute(TestSuiteExecutor.java:106)
	at com.kms.katalon.core.main.TestCaseMain.startTestSuite(TestCaseMain.java:180)
	at TempTestSuite1722514347942.run(TempTestSuite1722514347942.groovy:35)
	at java.base/jdk.internal.reflect.NativeMethodAccessorImpl.invoke0(Native Method)
	at java.base/jdk.internal.reflect.NativeMethodAccessorImpl.invoke(NativeMethodAccessorImpl.java:77)
	at java.base/jdk.internal.reflect.DelegatingMethodAccessorImpl.invoke(DelegatingMethodAccessorImpl.java:43)
Caused by: org.openqa.selenium.SessionNotCreatedException: session not created: This version of Microsoft Edge WebDriver only supports Microsoft Edge version 125
Current browser version is 127.0.2651.74 with binary path C:\Program Files (x86)\Microsoft\Edge\Application\msedge.exe
Build info: version: '3.141.59', revision: 'unknown', time: 'unknown'
System info: host: '7Z54S93', ip: '192.168.1.9', os.name: 'Windows 11', os.arch: 'amd64', os.version: '10.0', java.version: '17.0.7'
Driver info: driver.version: CEdgeDriver
remote stacktrace: 	GetHandleVerifier [0x00007FF6CF685FF2+61250]
	Microsoft::Applications::Events::ILogConfiguration::operator* [0x00007FF6CF610649+207017]
	(No symbol) [0x00007FF6CF41E3C7]
	(No symbol) [0x00007FF6CF45676F]
	(No symbol) [0x00007FF6CF455C28]
	(No symbol) [0x00007FF6CF4502B0]
	(No symbol) [0x00007FF6CF44CD37]
	(No symbol) [0x00007FF6CF48E92C]
	(No symbol) [0x00007FF6CF4844B3]
	(No symbol) [0x00007FF6CF459F1E]
	(No symbol) [0x00007FF6CF4590DC]
	(No symbol) [0x00007FF6CF459AD1]
	Microsoft::Applications::Events::EventProperty::to_string [0x00007FF6CF83E184+1072532]
	(No symbol) [0x00007FF6CF4D2CEC]
	Microsoft::Applications::Events::EventProperty::~EventProperty [0x00007FF6CF57EEAC+51468]
	Microsoft::Applications::Events::EventProperty::~EventProperty [0x00007FF6CF573765+4549]
	Microsoft::Applications::Events::EventProperty::to_string [0x00007FF6CF83D145+1068373]
	Microsoft::Applications::Events::ILogConfiguration::operator* [0x00007FF6CF61A051+246449]
	Microsoft::Applications::Events::ILogConfiguration::operator* [0x00007FF6CF6153B4+226836]
	Microsoft::Applications::Events::ILogConfiguration::operator* [0x00007FF6CF6154EB+227147]
	Microsoft::Applications::Events::ILogConfiguration::operator* [0x00007FF6CF60BCE0+188224]
	BaseThreadInitThunk [0x00007FFEAF19257D+29]
	RtlUserThreadStart [0x00007FFEAF82AF28+40]

	at java.base/jdk.internal.reflect.NativeConstructorAccessorImpl.newInstance0(Native Method)
	at java.base/jdk.internal.reflect.NativeConstructorAccessorImpl.newInstance(NativeConstructorAccessorImpl.java:77)
	at java.base/jdk.internal.reflect.DelegatingConstructorAccessorImpl.newInstance(DelegatingConstructorAccessorImpl.java:45)
	at org.openqa.selenium.remote.W3CHandshakeResponse.lambda$errorHandler$0(W3CHandshakeResponse.java:62)
	at org.openqa.selenium.remote.HandshakeResponse.lambda$getResponseFunction$0(HandshakeResponse.java:30)
	at org.openqa.selenium.remote.ProtocolHandshake.lambda$createSession$0(ProtocolHandshake.java:126)
	at org.openqa.selenium.remote.ProtocolHandshake.createSession(ProtocolHandshake.java:128)
	at org.openqa.selenium.remote.ProtocolHandshake.createSession(ProtocolHandshake.java:74)
	at org.openqa.selenium.remote.HttpCommandExecutor.execute(HttpCommandExecutor.java:136)
	at org.openqa.selenium.remote.service.DriverCommandExecutor.execute(DriverCommandExecutor.java:83)
	at org.openqa.selenium.remote.RemoteWebDriver.execute(RemoteWebDriver.java:552)
	at com.kms.katalon.selenium.driver.CEdgeDriver.execute(CEdgeDriver.java:20)
	at org.openqa.selenium.remote.RemoteWebDriver.startSession(RemoteWebDriver.java:213)
	at org.openqa.selenium.remote.RemoteWebDriver.<init>(RemoteWebDriver.java:131)
	at org.openqa.selenium.edge.EdgeDriver.<init>(EdgeDriver.java:154)
	at com.kms.katalon.selenium.driver.CEdgeDriver.<init>(CEdgeDriver.java:14)
	at com.kms.katalon.core.webui.driver.DriverFactory.createNewEdgeChromiumDriver(DriverFactory.java:692)
	at com.kms.katalon.core.webui.driver.DriverFactory.startNewBrowser(DriverFactory.java:397)
	at com.kms.katalon.core.webui.driver.DriverFactory.openWebDriver(DriverFactory.java:271)
	at com.kms.katalon.core.webui.keyword.builtin.OpenBrowserKeyword$_openBrowser_closure1.doCall(OpenBrowserKeyword.groovy:74)
	at com.kms.katalon.core.webui.keyword.builtin.OpenBrowserKeyword$_openBrowser_closure1.call(OpenBrowserKeyword.groovy)
	at com.kms.katalon.core.webui.keyword.internal.WebUIKeywordMain.runKeyword(WebUIKeywordMain.groovy:20)
	... 20 more]]></system-out>
      <system-err><![CDATA[01-08-2024T17:43:53 - [TEST_SUITE][FAILED] - TS-3-HealthCare: Test Cases/TC-01-Katalonhealthcare/HealthCare-Katalon FAILED.
Reason:
com.kms.katalon.core.exception.StepFailedException: Unable to open browser with url: ''
	at com.kms.katalon.core.webui.keyword.internal.WebUIKeywordMain.stepFailed(WebUIKeywordMain.groovy:64)
	at com.kms.katalon.core.webui.keyword.internal.WebUIKeywordMain.runKeyword(WebUIKeywordMain.groovy:26)
	at com.kms.katalon.core.webui.keyword.builtin.OpenBrowserKeyword.openBrowser(OpenBrowserKeyword.groovy:81)
	at com.kms.katalon.core.webui.keyword.builtin.OpenBrowserKeyword.execute(OpenBrowserKeyword.groovy:67)
	at com.kms.katalon.core.keyword.internal.KeywordExecutor.executeKeywordForPlatform(KeywordExecutor.groovy:74)
	at com.kms.katalon.core.webui.keyword.WebUiBuiltInKeywords.openBrowser(WebUiBuiltInKeywords.groovy:64)
	at HealthCare-Katalon.run(HealthCare-Katalon:20)
	at com.kms.katalon.core.main.ScriptEngine.run(ScriptEngine.java:194)
	at com.kms.katalon.core.main.ScriptEngine.runScriptAsRawText(ScriptEngine.java:119)
	at com.kms.katalon.core.main.TestCaseExecutor.runScript(TestCaseExecutor.java:448)
	at com.kms.katalon.core.main.TestCaseExecutor.doExecute(TestCaseExecutor.java:439)
	at com.kms.katalon.core.main.TestCaseExecutor.processExecutionPhase(TestCaseExecutor.java:418)
	at com.kms.katalon.core.main.TestCaseExecutor.accessMainPhase(TestCaseExecutor.java:410)
	at com.kms.katalon.core.main.TestCaseExecutor.execute(TestCaseExecutor.java:285)
	at com.kms.katalon.core.common.CommonExecutor.accessTestCaseMainPhase(CommonExecutor.java:65)
	at com.kms.katalon.core.main.TestSuiteExecutor.accessTestSuiteMainPhase(TestSuiteExecutor.java:150)
	at com.kms.katalon.core.main.TestSuiteExecutor.execute(TestSuiteExecutor.java:106)
	at com.kms.katalon.core.main.TestCaseMain.startTestSuite(TestCaseMain.java:180)
	at TempTestSuite1722514347942.run(TempTestSuite1722514347942.groovy:35)
	at java.base/jdk.internal.reflect.NativeMethodAccessorImpl.invoke0(Native Method)
	at java.base/jdk.internal.reflect.NativeMethodAccessorImpl.invoke(NativeMethodAccessorImpl.java:77)
	at java.base/jdk.internal.reflect.DelegatingMethodAccessorImpl.invoke(DelegatingMethodAccessorImpl.java:43)
Caused by: org.openqa.selenium.SessionNotCreatedException: session not created: This version of Microsoft Edge WebDriver only supports Microsoft Edge version 125
Current browser version is 127.0.2651.74 with binary path C:\Program Files (x86)\Microsoft\Edge\Application\msedge.exe
Build info: version: '3.141.59', revision: 'unknown', time: 'unknown'
System info: host: '7Z54S93', ip: '192.168.1.9', os.name: 'Windows 11', os.arch: 'amd64', os.version: '10.0', java.version: '17.0.7'
Driver info: driver.version: CEdgeDriver
remote stacktrace: 	GetHandleVerifier [0x00007FF6CF685FF2+61250]
	Microsoft::Applications::Events::ILogConfiguration::operator* [0x00007FF6CF610649+207017]
	(No symbol) [0x00007FF6CF41E3C7]
	(No symbol) [0x00007FF6CF45676F]
	(No symbol) [0x00007FF6CF455C28]
	(No symbol) [0x00007FF6CF4502B0]
	(No symbol) [0x00007FF6CF44CD37]
	(No symbol) [0x00007FF6CF48E92C]
	(No symbol) [0x00007FF6CF4844B3]
	(No symbol) [0x00007FF6CF459F1E]
	(No symbol) [0x00007FF6CF4590DC]
	(No symbol) [0x00007FF6CF459AD1]
	Microsoft::Applications::Events::EventProperty::to_string [0x00007FF6CF83E184+1072532]
	(No symbol) [0x00007FF6CF4D2CEC]
	Microsoft::Applications::Events::EventProperty::~EventProperty [0x00007FF6CF57EEAC+51468]
	Microsoft::Applications::Events::EventProperty::~EventProperty [0x00007FF6CF573765+4549]
	Microsoft::Applications::Events::EventProperty::to_string [0x00007FF6CF83D145+1068373]
	Microsoft::Applications::Events::ILogConfiguration::operator* [0x00007FF6CF61A051+246449]
	Microsoft::Applications::Events::ILogConfiguration::operator* [0x00007FF6CF6153B4+226836]
	Microsoft::Applications::Events::ILogConfiguration::operator* [0x00007FF6CF6154EB+227147]
	Microsoft::Applications::Events::ILogConfiguration::operator* [0x00007FF6CF60BCE0+188224]
	BaseThreadInitThunk [0x00007FFEAF19257D+29]
	RtlUserThreadStart [0x00007FFEAF82AF28+40]

	at java.base/jdk.internal.reflect.NativeConstructorAccessorImpl.newInstance0(Native Method)
	at java.base/jdk.internal.reflect.NativeConstructorAccessorImpl.newInstance(NativeConstructorAccessorImpl.java:77)
	at java.base/jdk.internal.reflect.DelegatingConstructorAccessorImpl.newInstance(DelegatingConstructorAccessorImpl.java:45)
	at org.openqa.selenium.remote.W3CHandshakeResponse.lambda$errorHandler$0(W3CHandshakeResponse.java:62)
	at org.openqa.selenium.remote.HandshakeResponse.lambda$getResponseFunction$0(HandshakeResponse.java:30)
	at org.openqa.selenium.remote.ProtocolHandshake.lambda$createSession$0(ProtocolHandshake.java:126)
	at org.openqa.selenium.remote.ProtocolHandshake.createSession(ProtocolHandshake.java:128)
	at org.openqa.selenium.remote.ProtocolHandshake.createSession(ProtocolHandshake.java:74)
	at org.openqa.selenium.remote.HttpCommandExecutor.execute(HttpCommandExecutor.java:136)
	at org.openqa.selenium.remote.service.DriverCommandExecutor.execute(DriverCommandExecutor.java:83)
	at org.openqa.selenium.remote.RemoteWebDriver.execute(RemoteWebDriver.java:552)
	at com.kms.katalon.selenium.driver.CEdgeDriver.execute(CEdgeDriver.java:20)
	at org.openqa.selenium.remote.RemoteWebDriver.startSession(RemoteWebDriver.java:213)
	at org.openqa.selenium.remote.RemoteWebDriver.<init>(RemoteWebDriver.java:131)
	at org.openqa.selenium.edge.EdgeDriver.<init>(EdgeDriver.java:154)
	at com.kms.katalon.selenium.driver.CEdgeDriver.<init>(CEdgeDriver.java:14)
	at com.kms.katalon.core.webui.driver.DriverFactory.createNewEdgeChromiumDriver(DriverFactory.java:692)
	at com.kms.katalon.core.webui.driver.DriverFactory.startNewBrowser(DriverFactory.java:397)
	at com.kms.katalon.core.webui.driver.DriverFactory.openWebDriver(DriverFactory.java:271)
	at com.kms.katalon.core.webui.keyword.builtin.OpenBrowserKeyword$_openBrowser_closure1.doCall(OpenBrowserKeyword.groovy:74)
	at com.kms.katalon.core.webui.keyword.builtin.OpenBrowserKeyword$_openBrowser_closure1.call(OpenBrowserKeyword.groovy)
	at com.kms.katalon.core.webui.keyword.internal.WebUIKeywordMain.runKeyword(WebUIKeywordMain.groovy:20)
	... 20 more]]></system-err>
   </testsuite>
</testsuites>
